This is pdfTeX, Version 3.141592653-2.6-1.40.22 (TeX Live 2022/dev/Debian) (preloaded format=pdflatex 2026.2.1)  7 JUL 2026 01:32
entering extended mode
 restricted \write18 enabled.
 %&-line parsing enabled.
**introelectrodynamics_chap1.tex
(./introelectrodynamics_chap1.tex
LaTeX2e <2021-11-15> patch level 1
L3 programming layer <2022-01-21> (/usr/share/texlive/texmf-dist/tex/latex/base/article.cls
Document Class: article 2021/10/04 v1.4n Standard LaTeX document class
(/usr/share/texlive/texmf-dist/tex/latex/base/size10.clo
File: size10.clo 2021/10/04 v1.4n Standard LaTeX file (size option)
)
\c@part=\count185
\c@section=\count186
\c@subsection=\count187
\c@subsubsection=\count188
\c@paragraph=\count189
\c@subparagraph=\count190
\c@figure=\count191
\c@table=\count192
\abovecaptionskip=\skip47
\belowcaptionskip=\skip48
\bibindent=\dimen138
) (../headerintroelectrodynamics.tex (/usr/share/texlive/texmf-dist/tex/latex/base/alltt.sty
Package: alltt 2021/01/29 v2.0g defines alltt environment
) (/usr/share/texlive/texmf-dist/tex/latex/amsfonts/amsfonts.sty
Package: amsfonts 2013/01/14 v3.01 Basic AMSFonts support
\@emptytoks=\toks16
\symAMSa=\mathgroup4
\symAMSb=\mathgroup5
LaTeX Font Info:    Redeclaring math symbol \hbar on input line 98.
LaTeX Font Info:    Overwriting math alphabet `\mathfrak' in version `bold'
(Font)                  U/euf/m/n --> U/euf/b/n on input line 106.
) (/usr/share/texlive/texmf-dist/tex/latex/amsmath/amsmath.sty
Package: amsmath 2021/10/15 v2.17l AMS math features
\@mathmargin=\skip49

For additional information on amsmath, use the `?' option.
(/usr/share/texlive/texmf-dist/tex/latex/amsmath/amstext.sty
Package: amstext 2021/08/26 v2.01 AMS text
 (/usr/share/texlive/texmf-dist/tex/latex/amsmath/amsgen.sty
File: amsgen.sty 1999/11/30 v2.0 generic functions
\@emptytoks=\toks17
\ex@=\dimen139
)) (/usr/share/texlive/texmf-dist/tex/latex/amsmath/amsbsy.sty
Package: amsbsy 1999/11/29 v1.2d Bold Symbols
\pmbraise@=\dimen140
) (/usr/share/texlive/texmf-dist/tex/latex/amsmath/amsopn.sty
Package: amsopn 2021/08/26 v2.02 operator names
)
\inf@bad=\count193
LaTeX Info: Redefining \frac on input line 234.
\uproot@=\count194
\leftroot@=\count195
LaTeX Info: Redefining \overline on input line 399.
\classnum@=\count196
\DOTSCASE@=\count197
LaTeX Info: Redefining \ldots on input line 496.
LaTeX Info: Redefining \dots on input line 499.
LaTeX Info: Redefining \cdots on input line 620.
\Mathstrutbox@=\box50
\strutbox@=\box51
\big@size=\dimen141
LaTeX Font Info:    Redeclaring font encoding OML on input line 743.
LaTeX Font Info:    Redeclaring font encoding OMS on input line 744.
\macc@depth=\count198
\c@MaxMatrixCols=\count199
\dotsspace@=\muskip16
\c@parentequation=\count266
\dspbrk@lvl=\count267
\tag@help=\toks18
\row@=\count268
\column@=\count269
\maxfields@=\count270
\andhelp@=\toks19
\eqnshift@=\dimen142
\alignsep@=\dimen143
\tagshift@=\dimen144
\tagwidth@=\dimen145
\totwidth@=\dimen146
\lineht@=\dimen147
\@envbody=\toks20
\multlinegap=\skip50
\multlinetaggap=\skip51
\mathdisplay@stack=\toks21
LaTeX Info: Redefining \[ on input line 2938.
LaTeX Info: Redefining \] on input line 2939.
) (/usr/share/texlive/texmf-dist/tex/latex/amsfonts/amssymb.sty
Package: amssymb 2013/01/14 v3.01 AMS font symbols
) (/usr/share/texlive/texmf-dist/tex/latex/amscls/amsthm.sty
Package: amsthm 2020/05/29 v2.20.6
\thm@style=\toks22
\thm@bodyfont=\toks23
\thm@headfont=\toks24
\thm@notefont=\toks25
\thm@headpunct=\toks26
\thm@preskip=\skip52
\thm@postskip=\skip53
\thm@headsep=\skip54
\dth@everypar=\toks27
) (/usr/share/texlive/texmf-dist/tex/latex/tools/bm.sty
Package: bm 2021/04/25 v1.2e Bold Symbol Support (DPC/FMi)
\symboldoperators=\mathgroup6
\symboldletters=\mathgroup7
\symboldsymbols=\mathgroup8
Package bm Info: No bold for \OMX/cmex/m/n, using \pmb.
Package bm Info: No bold for \U/msa/m/n, using \pmb.
Package bm Info: No bold for \U/msb/m/n, using \pmb.
LaTeX Font Info:    Redeclaring math alphabet \mathbf on input line 149.
) (/usr/share/texlive/texmf-dist/tex/latex/booktabs/booktabs.sty
Package: booktabs 2020/01/12 v1.61803398 Publication quality tables
\heavyrulewidth=\dimen148
\lightrulewidth=\dimen149
\cmidrulewidth=\dimen150
\belowrulesep=\dimen151
\belowbottomsep=\dimen152
\aboverulesep=\dimen153
\abovetopsep=\dimen154
\cmidrulesep=\dimen155
\cmidrulekern=\dimen156
\defaultaddspace=\dimen157
\@cmidla=\count271
\@cmidlb=\count272
\@aboverulesep=\dimen158
\@belowrulesep=\dimen159
\@thisruleclass=\count273
\@lastruleclass=\count274
\@thisrulewidth=\dimen160
) (/usr/share/texlive/texmf-dist/tex/latex/caption/caption.sty
Package: caption 2020/10/26 v3.5g Customizing captions (AR)
 (/usr/share/texlive/texmf-dist/tex/latex/caption/caption3.sty
Package: caption3 2020/10/21 v2.2e caption3 kernel (AR)
 (/usr/share/texlive/texmf-dist/tex/latex/graphics/keyval.sty
Package: keyval 2014/10/28 v1.15 key=value parser (DPC)
\KV@toks@=\toks28
)
\captionmargin=\dimen161
\captionmargin@=\dimen162
\captionwidth=\dimen163
\caption@tempdima=\dimen164
\caption@indent=\dimen165
\caption@parindent=\dimen166
\caption@hangindent=\dimen167
Package caption Info: Standard document class detected.
)
\c@caption@flags=\count275
\c@continuedfloat=\count276
) (/usr/share/texlive/texmf-dist/tex/latex/oberdiek/centernot.sty
Package: centernot 2016/05/16 v1.4 Centers the not symbol horizontally (HO)
) (/usr/share/texlive/texmf-dist/tex/latex/enumitem/enumitem.sty
Package: enumitem 2019/06/20 v3.9 Customized lists
\labelindent=\skip55
\enit@outerparindent=\dimen168
\enit@toks=\toks29
\enit@inbox=\box52
\enit@count@id=\count277
\enitdp@description=\count278
) (/usr/share/texlive/texmf-dist/tex/latex/fancyhdr/fancyhdr.sty
Package: fancyhdr 2021/01/28 v4.0.1 Extensive control of page headers and footers
\f@nch@headwidth=\skip56
\f@nch@O@elh=\skip57
\f@nch@O@erh=\skip58
\f@nch@O@olh=\skip59
\f@nch@O@orh=\skip60
\f@nch@O@elf=\skip61
\f@nch@O@erf=\skip62
\f@nch@O@olf=\skip63
\f@nch@O@orf=\skip64
) (/usr/share/texlive/texmf-dist/tex/latex/base/fontenc.sty
Package: fontenc 2021/04/29 v2.0v Standard LaTeX package
) (/usr/share/texlive/texmf-dist/tex/latex/graphics/graphicx.sty
Package: graphicx 2021/09/16 v1.2d Enhanced LaTeX Graphics (DPC,SPQR)
 (/usr/share/texlive/texmf-dist/tex/latex/graphics/graphics.sty
Package: graphics 2021/03/04 v1.4d Standard LaTeX Graphics (DPC,SPQR)
 (/usr/share/texlive/texmf-dist/tex/latex/graphics/trig.sty
Package: trig 2021/08/11 v1.11 sin cos tan (DPC)
) (/usr/share/texlive/texmf-dist/tex/latex/graphics-cfg/graphics.cfg
File: graphics.cfg 2016/06/04 v1.11 sample graphics configuration
)
Package graphics Info: Driver file: pdftex.def on input line 107.
 (/usr/share/texlive/texmf-dist/tex/latex/graphics-def/pdftex.def
File: pdftex.def 2020/10/05 v1.2a Graphics/color driver for pdftex
))
\Gin@req@height=\dimen169
\Gin@req@width=\dimen170
) (/usr/share/texlive/texmf-dist/tex/generic/mathdots/mathdots.sty
Package: mathdots 2014/06/11 v0.9 Improve and add various macros for dots in math.
\MDo@unit=\dimen171
\MDo@dotsbox=\box53
\MDoprekern=\muskip17
\MDopostkern=\muskip18
\MDodotkern=\muskip19
) (/usr/share/texlive/texmf-dist/tex/latex/mathtools/mathtools.sty
Package: mathtools 2021/02/02 v1.28 mathematical typesetting tools
 (/usr/share/texlive/texmf-dist/tex/latex/tools/calc.sty
Package: calc 2017/05/25 v4.3 Infix arithmetic (KKT,FJ)
\calc@Acount=\count279
\calc@Bcount=\count280
\calc@Adimen=\dimen172
\calc@Bdimen=\dimen173
\calc@Askip=\skip65
\calc@Bskip=\skip66
LaTeX Info: Redefining \setlength on input line 80.
LaTeX Info: Redefining \addtolength on input line 81.
\calc@Ccount=\count281
\calc@Cskip=\skip67
) (/usr/share/texlive/texmf-dist/tex/latex/mathtools/mhsetup.sty
Package: mhsetup 2021/03/18 v1.4 programming setup (MH)
)
\g_MT_multlinerow_int=\count282
\l_MT_multwidth_dim=\dimen174
\origjot=\skip68
\l_MT_shortvdotswithinadjustabove_dim=\dimen175
\l_MT_shortvdotswithinadjustbelow_dim=\dimen176
\l_MT_above_intertext_sep=\dimen177
\l_MT_below_intertext_sep=\dimen178
\l_MT_above_shortintertext_sep=\dimen179
\l_MT_below_shortintertext_sep=\dimen180
\xmathstrut@box=\box54
\xmathstrut@dim=\dimen181
) (/usr/share/texlive/texmf-dist/tex/latex/multirow/multirow.sty
Package: multirow 2021/03/15 v2.8 Span multiple rows of a table
\multirow@colwidth=\skip69
\multirow@cntb=\count283
\multirow@dima=\skip70
\bigstrutjot=\dimen182
) (/usr/share/texlive/texmf-dist/tex/latex/pdflscape/pdflscape.sty
Package: pdflscape 2019/12/05 v0.12 Display of landscape pages in PDF (HO)
 (/usr/share/texlive/texmf-dist/tex/generic/iftex/iftex.sty
Package: iftex 2020/03/06 v1.0d TeX engine tests
) (/usr/share/texlive/texmf-dist/tex/latex/graphics/lscape.sty
Package: lscape 2020/05/28 v3.02 Landscape Pages (DPC)
)
Package pdflscape Info: Auto-detected driver: pdftex on input line 81.
) (/usr/share/texlive/texmf-dist/tex/latex/pgfplots/pgfplots.sty (/usr/share/texlive/texmf-dist/tex/generic/pgfplots/pgfplots.revision.tex)
Package: pgfplots 2021/05/15 v1.18.1 Data Visualization (1.18.1)
 (/usr/share/texlive/texmf-dist/tex/latex/pgf/frontendlayer/tikz.sty
(/usr/share/texlive/texmf-dist/tex/latex/pgf/basiclayer/pgf.sty (/usr/share/texlive/texmf-dist/tex/latex/pgf/utilities/pgfrcs.sty (/usr/share/texlive/texmf-dist/tex/generic/pgf/utilities/pgfutil-common.tex
\pgfutil@everybye=\toks30
\pgfutil@tempdima=\dimen183
\pgfutil@tempdimb=\dimen184
 (/usr/share/texlive/texmf-dist/tex/generic/pgf/utilities/pgfutil-common-lists.tex)) (/usr/share/texlive/texmf-dist/tex/generic/pgf/utilities/pgfutil-latex.def
\pgfutil@abb=\box55
) (/usr/share/texlive/texmf-dist/tex/generic/pgf/utilities/pgfrcs.code.tex (/usr/share/texlive/texmf-dist/tex/generic/pgf/pgf.revision.tex)
Package: pgfrcs 2021/05/15 v3.1.9a (3.1.9a)
))
Package: pgf 2021/05/15 v3.1.9a (3.1.9a)
 (/usr/share/texlive/texmf-dist/tex/latex/pgf/basiclayer/pgfcore.sty (/usr/share/texlive/texmf-dist/tex/latex/pgf/systemlayer/pgfsys.sty (/usr/share/texlive/texmf-dist/tex/generic/pgf/systemlayer/pgfsys.code.tex
Package: pgfsys 2021/05/15 v3.1.9a (3.1.9a)
 (/usr/share/texlive/texmf-dist/tex/generic/pgf/utilities/pgfkeys.code.tex
\pgfkeys@pathtoks=\toks31
\pgfkeys@temptoks=\toks32
 (/usr/share/texlive/texmf-dist/tex/generic/pgf/utilities/pgfkeysfiltered.code.tex
\pgfkeys@tmptoks=\toks33
))
\pgf@x=\dimen185
\pgf@y=\dimen186
\pgf@xa=\dimen187
\pgf@ya=\dimen188
\pgf@xb=\dimen189
\pgf@yb=\dimen190
\pgf@xc=\dimen191
\pgf@yc=\dimen192
\pgf@xd=\dimen193
\pgf@yd=\dimen194
\w@pgf@writea=\write3
\r@pgf@reada=\read2
\c@pgf@counta=\count284
\c@pgf@countb=\count285
\c@pgf@countc=\count286
\c@pgf@countd=\count287
\t@pgf@toka=\toks34
\t@pgf@tokb=\toks35
\t@pgf@tokc=\toks36
\pgf@sys@id@count=\count288
 (/usr/share/texlive/texmf-dist/tex/generic/pgf/systemlayer/pgf.cfg
File: pgf.cfg 2021/05/15 v3.1.9a (3.1.9a)
)
Driver file for pgf: pgfsys-pdftex.def
 (/usr/share/texlive/texmf-dist/tex/generic/pgf/systemlayer/pgfsys-pdftex.def
File: pgfsys-pdftex.def 2021/05/15 v3.1.9a (3.1.9a)
 (/usr/share/texlive/texmf-dist/tex/generic/pgf/systemlayer/pgfsys-common-pdf.def
File: pgfsys-common-pdf.def 2021/05/15 v3.1.9a (3.1.9a)
))) (/usr/share/texlive/texmf-dist/tex/generic/pgf/systemlayer/pgfsyssoftpath.code.tex
File: pgfsyssoftpath.code.tex 2021/05/15 v3.1.9a (3.1.9a)
\pgfsyssoftpath@smallbuffer@items=\count289
\pgfsyssoftpath@bigbuffer@items=\count290
) (/usr/share/texlive/texmf-dist/tex/generic/pgf/systemlayer/pgfsysprotocol.code.tex
File: pgfsysprotocol.code.tex 2021/05/15 v3.1.9a (3.1.9a)
)) (/usr/share/texlive/texmf-dist/tex/latex/xcolor/xcolor.sty
Package: xcolor 2021/10/31 v2.13 LaTeX color extensions (UK)
 (/usr/share/texlive/texmf-dist/tex/latex/graphics-cfg/color.cfg
File: color.cfg 2016/01/02 v1.6 sample color configuration
)
Package xcolor Info: Driver file: pdftex.def on input line 227.
Package xcolor Info: Model `cmy' substituted by `cmy0' on input line 1352.
Package xcolor Info: Model `hsb' substituted by `rgb' on input line 1356.
Package xcolor Info: Model `RGB' extended on input line 1368.
Package xcolor Info: Model `HTML' substituted by `rgb' on input line 1370.
Package xcolor Info: Model `Hsb' substituted by `hsb' on input line 1371.
Package xcolor Info: Model `tHsb' substituted by `hsb' on input line 1372.
Package xcolor Info: Model `HSB' substituted by `hsb' on input line 1373.
Package xcolor Info: Model `Gray' substituted by `gray' on input line 1374.
Package xcolor Info: Model `wave' substituted by `hsb' on input line 1375.
) (/usr/share/texlive/texmf-dist/tex/generic/pgf/basiclayer/pgfcore.code.tex
Package: pgfcore 2021/05/15 v3.1.9a (3.1.9a)
 (/usr/share/texlive/texmf-dist/tex/generic/pgf/math/pgfmath.code.tex (/usr/share/texlive/texmf-dist/tex/generic/pgf/math/pgfmathcalc.code.tex (/usr/share/texlive/texmf-dist/tex/generic/pgf/math/pgfmathutil.code.tex) (/usr/share/texlive/texmf-dist/tex/generic/pgf/math/pgfmathparser.code.tex
\pgfmath@dimen=\dimen195
\pgfmath@count=\count291
\pgfmath@box=\box56
\pgfmath@toks=\toks37
\pgfmath@stack@operand=\toks38
\pgfmath@stack@operation=\toks39
) (/usr/share/texlive/texmf-dist/tex/generic/pgf/math/pgfmathfunctions.code.tex (/usr/share/texlive/texmf-dist/tex/generic/pgf/math/pgfmathfunctions.basic.code.tex)
(/usr/share/texlive/texmf-dist/tex/generic/pgf/math/pgfmathfunctions.trigonometric.code.tex) (/usr/share/texlive/texmf-dist/tex/generic/pgf/math/pgfmathfunctions.random.code.tex) (/usr/share/texlive/texmf-dist/tex/generic/pgf/math/pgfmathfunctions.comparison.code.tex) (/usr/share/texlive/texmf-dist/tex/generic/pgf/math/pgfmathfunctions.base.code.tex) (/usr/share/texlive/texmf-dist/tex/generic/pgf/math/pgfmathfunctions.round.code.tex) (/usr/share/texlive/texmf-dist/tex/generic/pgf/math/pgfmathfunctions.misc.code.tex) (/usr/share/texlive/texmf-dist/tex/generic/pgf/math/pgfmathfunctions.integerarithmetics.code.tex))) (/usr/share/texlive/texmf-dist/tex/generic/pgf/math/pgfmathfloat.code.tex
\c@pgfmathroundto@lastzeros=\count292
)) (/usr/share/texlive/texmf-dist/tex/generic/pgf/math/pgfint.code.tex) (/usr/share/texlive/texmf-dist/tex/generic/pgf/basiclayer/pgfcorepoints.code.tex
File: pgfcorepoints.code.tex 2021/05/15 v3.1.9a (3.1.9a)
\pgf@picminx=\dimen196
\pgf@picmaxx=\dimen197
\pgf@picminy=\dimen198
\pgf@picmaxy=\dimen199
\pgf@pathminx=\dimen256
\pgf@pathmaxx=\dimen257
\pgf@pathminy=\dimen258
\pgf@pathmaxy=\dimen259
\pgf@xx=\dimen260
\pgf@xy=\dimen261
\pgf@yx=\dimen262
\pgf@yy=\dimen263
\pgf@zx=\dimen264
\pgf@zy=\dimen265
) (/usr/share/texlive/texmf-dist/tex/generic/pgf/basiclayer/pgfcorepathconstruct.code.tex
File: pgfcorepathconstruct.code.tex 2021/05/15 v3.1.9a (3.1.9a)
\pgf@path@lastx=\dimen266
\pgf@path@lasty=\dimen267
) (/usr/share/texlive/texmf-dist/tex/generic/pgf/basiclayer/pgfcorepathusage.code.tex
File: pgfcorepathusage.code.tex 2021/05/15 v3.1.9a (3.1.9a)
\pgf@shorten@end@additional=\dimen268
\pgf@shorten@start@additional=\dimen269
) (/usr/share/texlive/texmf-dist/tex/generic/pgf/basiclayer/pgfcorescopes.code.tex
File: pgfcorescopes.code.tex 2021/05/15 v3.1.9a (3.1.9a)
\pgfpic=\box57
\pgf@hbox=\box58
\pgf@layerbox@main=\box59
\pgf@picture@serial@count=\count293
) (/usr/share/texlive/texmf-dist/tex/generic/pgf/basiclayer/pgfcoregraphicstate.code.tex
File: pgfcoregraphicstate.code.tex 2021/05/15 v3.1.9a (3.1.9a)
\pgflinewidth=\dimen270
) (/usr/share/texlive/texmf-dist/tex/generic/pgf/basiclayer/pgfcoretransformations.code.tex
File: pgfcoretransformations.code.tex 2021/05/15 v3.1.9a (3.1.9a)
\pgf@pt@x=\dimen271
\pgf@pt@y=\dimen272
\pgf@pt@temp=\dimen273
) (/usr/share/texlive/texmf-dist/tex/generic/pgf/basiclayer/pgfcorequick.code.tex
File: pgfcorequick.code.tex 2021/05/15 v3.1.9a (3.1.9a)
) (/usr/share/texlive/texmf-dist/tex/generic/pgf/basiclayer/pgfcoreobjects.code.tex
File: pgfcoreobjects.code.tex 2021/05/15 v3.1.9a (3.1.9a)
) (/usr/share/texlive/texmf-dist/tex/generic/pgf/basiclayer/pgfcorepathprocessing.code.tex
File: pgfcorepathprocessing.code.tex 2021/05/15 v3.1.9a (3.1.9a)
) (/usr/share/texlive/texmf-dist/tex/generic/pgf/basiclayer/pgfcorearrows.code.tex
File: pgfcorearrows.code.tex 2021/05/15 v3.1.9a (3.1.9a)
\pgfarrowsep=\dimen274
) (/usr/share/texlive/texmf-dist/tex/generic/pgf/basiclayer/pgfcoreshade.code.tex
File: pgfcoreshade.code.tex 2021/05/15 v3.1.9a (3.1.9a)
\pgf@max=\dimen275
\pgf@sys@shading@range@num=\count294
\pgf@shadingcount=\count295
) (/usr/share/texlive/texmf-dist/tex/generic/pgf/basiclayer/pgfcoreimage.code.tex
File: pgfcoreimage.code.tex 2021/05/15 v3.1.9a (3.1.9a)
 (/usr/share/texlive/texmf-dist/tex/generic/pgf/basiclayer/pgfcoreexternal.code.tex
File: pgfcoreexternal.code.tex 2021/05/15 v3.1.9a (3.1.9a)
\pgfexternal@startupbox=\box60
)) (/usr/share/texlive/texmf-dist/tex/generic/pgf/basiclayer/pgfcorelayers.code.tex
File: pgfcorelayers.code.tex 2021/05/15 v3.1.9a (3.1.9a)
)
(/usr/share/texlive/texmf-dist/tex/generic/pgf/basiclayer/pgfcoretransparency.code.tex
File: pgfcoretransparency.code.tex 2021/05/15 v3.1.9a (3.1.9a)
) (/usr/share/texlive/texmf-dist/tex/generic/pgf/basiclayer/pgfcorepatterns.code.tex
File: pgfcorepatterns.code.tex 2021/05/15 v3.1.9a (3.1.9a)
) (/usr/share/texlive/texmf-dist/tex/generic/pgf/basiclayer/pgfcorerdf.code.tex
File: pgfcorerdf.code.tex 2021/05/15 v3.1.9a (3.1.9a)
))) (/usr/share/texlive/texmf-dist/tex/generic/pgf/modules/pgfmoduleshapes.code.tex
File: pgfmoduleshapes.code.tex 2021/05/15 v3.1.9a (3.1.9a)
\pgfnodeparttextbox=\box61
) (/usr/share/texlive/texmf-dist/tex/generic/pgf/modules/pgfmoduleplot.code.tex
File: pgfmoduleplot.code.tex 2021/05/15 v3.1.9a (3.1.9a)
) (/usr/share/texlive/texmf-dist/tex/latex/pgf/compatibility/pgfcomp-version-0-65.sty
Package: pgfcomp-version-0-65 2021/05/15 v3.1.9a (3.1.9a)
\pgf@nodesepstart=\dimen276
\pgf@nodesepend=\dimen277
) (/usr/share/texlive/texmf-dist/tex/latex/pgf/compatibility/pgfcomp-version-1-18.sty
Package: pgfcomp-version-1-18 2021/05/15 v3.1.9a (3.1.9a)
)) (/usr/share/texlive/texmf-dist/tex/latex/pgf/utilities/pgffor.sty (/usr/share/texlive/texmf-dist/tex/latex/pgf/utilities/pgfkeys.sty (/usr/share/texlive/texmf-dist/tex/generic/pgf/utilities/pgfkeys.code.tex)) (/usr/share/texlive/texmf-dist/tex/latex/pgf/math/pgfmath.sty (/usr/share/texlive/texmf-dist/tex/generic/pgf/math/pgfmath.code.tex)) (/usr/share/texlive/texmf-dist/tex/generic/pgf/utilities/pgffor.code.tex
Package: pgffor 2021/05/15 v3.1.9a (3.1.9a)
 (/usr/share/texlive/texmf-dist/tex/generic/pgf/math/pgfmath.code.tex)
\pgffor@iter=\dimen278
\pgffor@skip=\dimen279
\pgffor@stack=\toks40
\pgffor@toks=\toks41
)) (/usr/share/texlive/texmf-dist/tex/generic/pgf/frontendlayer/tikz/tikz.code.tex
Package: tikz 2021/05/15 v3.1.9a (3.1.9a)
 (/usr/share/texlive/texmf-dist/tex/generic/pgf/libraries/pgflibraryplothandlers.code.tex
File: pgflibraryplothandlers.code.tex 2021/05/15 v3.1.9a (3.1.9a)
\pgf@plot@mark@count=\count296
\pgfplotmarksize=\dimen280
)
\tikz@lastx=\dimen281
\tikz@lasty=\dimen282
\tikz@lastxsaved=\dimen283
\tikz@lastysaved=\dimen284
\tikz@lastmovetox=\dimen285
\tikz@lastmovetoy=\dimen286
\tikzleveldistance=\dimen287
\tikzsiblingdistance=\dimen288
\tikz@figbox=\box62
\tikz@figbox@bg=\box63
\tikz@tempbox=\box64
\tikz@tempbox@bg=\box65
\tikztreelevel=\count297
\tikznumberofchildren=\count298
\tikznumberofcurrentchild=\count299
\tikz@fig@count=\count300
 (/usr/share/texlive/texmf-dist/tex/generic/pgf/modules/pgfmodulematrix.code.tex
File: pgfmodulematrix.code.tex 2021/05/15 v3.1.9a (3.1.9a)
\pgfmatrixcurrentrow=\count301
\pgfmatrixcurrentcolumn=\count302
\pgf@matrix@numberofcolumns=\count303
)
\tikz@expandcount=\count304
 (/usr/share/texlive/texmf-dist/tex/generic/pgf/frontendlayer/tikz/libraries/tikzlibrarytopaths.code.tex
File: tikzlibrarytopaths.code.tex 2021/05/15 v3.1.9a (3.1.9a)
))) (/usr/share/texlive/texmf-dist/tex/generic/pgfplots/pgfplots.code.tex (/usr/share/texlive/texmf-dist/tex/generic/pgfplots/pgfplotscore.code.tex
\t@pgfplots@toka=\toks42
\t@pgfplots@tokb=\toks43
\t@pgfplots@tokc=\toks44
\pgfplots@tmpa=\dimen289
\c@pgfplots@coordindex=\count305
\c@pgfplots@scanlineindex=\count306
 (/usr/share/texlive/texmf-dist/tex/generic/pgfplots/sys/pgfplotssysgeneric.code.tex)) (/usr/share/texlive/texmf-dist/tex/generic/pgfplots/libs/pgfplotslibrary.code.tex) (/usr/share/texlive/texmf-dist/tex/generic/pgfplots/oldpgfcompatib/pgfplotsoldpgfsupp_loader.code.tex (/usr/share/texlive/texmf-dist/tex/generic/pgf/libraries/pgflibraryfpu.code.tex))
(/usr/share/texlive/texmf-dist/tex/generic/pgfplots/util/pgfplotsutil.code.tex (/usr/share/texlive/texmf-dist/tex/generic/pgfplots/liststructure/pgfplotsliststructure.code.tex) (/usr/share/texlive/texmf-dist/tex/generic/pgfplots/liststructure/pgfplotsliststructureext.code.tex) (/usr/share/texlive/texmf-dist/tex/generic/pgfplots/liststructure/pgfplotsarray.code.tex
\c@pgfplotsarray@tmp=\count307
) (/usr/share/texlive/texmf-dist/tex/generic/pgfplots/liststructure/pgfplotsmatrix.code.tex) (/usr/share/texlive/texmf-dist/tex/generic/pgfplots/numtable/pgfplotstableshared.code.tex
\c@pgfplotstable@counta=\count308
\t@pgfplotstable@a=\toks45
) (/usr/share/texlive/texmf-dist/tex/generic/pgfplots/liststructure/pgfplotsdeque.code.tex) (/usr/share/texlive/texmf-dist/tex/generic/pgfplots/util/pgfplotsbinary.code.tex (/usr/share/texlive/texmf-dist/tex/generic/pgfplots/util/pgfplotsbinary.data.code.tex)) (/usr/share/texlive/texmf-dist/tex/generic/pgfplots/util/pgfplotsutil.verb.code.tex) (/usr/share/texlive/texmf-dist/tex/generic/pgfplots/libs/pgflibrarypgfplots.surfshading.code.tex
\c@pgfplotslibrarysurf@no=\count309
 (/usr/share/texlive/texmf-dist/tex/generic/pgfplots/sys/pgflibrarypgfplots.surfshading.pgfsys-pdftex.def))) (/usr/share/texlive/texmf-dist/tex/generic/pgfplots/util/pgfplotscolormap.code.tex (/usr/share/texlive/texmf-dist/tex/generic/pgfplots/util/pgfplotscolor.code.tex)) (/usr/share/texlive/texmf-dist/tex/generic/pgfplots/pgfplotsstackedplots.code.tex) (/usr/share/texlive/texmf-dist/tex/generic/pgfplots/pgfplotsplothandlers.code.tex (/usr/share/texlive/texmf-dist/tex/generic/pgfplots/pgfplotsmeshplothandler.code.tex (/usr/share/texlive/texmf-dist/tex/generic/pgfplots/pgfplotsmeshplotimage.code.tex))) (/usr/share/texlive/texmf-dist/tex/generic/pgfplots/pgfplots.scaling.code.tex) (/usr/share/texlive/texmf-dist/tex/generic/pgfplots/pgfplotscoordprocessing.code.tex) (/usr/share/texlive/texmf-dist/tex/generic/pgfplots/pgfplots.errorbars.code.tex) (/usr/share/texlive/texmf-dist/tex/generic/pgfplots/pgfplots.markers.code.tex) (/usr/share/texlive/texmf-dist/tex/generic/pgfplots/pgfplotsticks.code.tex) (/usr/share/texlive/texmf-dist/tex/generic/pgfplots/pgfplots.paths.code.tex) (/usr/share/texlive/texmf-dist/tex/generic/pgf/frontendlayer/tikz/libraries/tikzlibrarydecorations.code.tex (/usr/share/texlive/texmf-dist/tex/generic/pgf/modules/pgfmoduledecorations.code.tex
\pgfdecoratedcompleteddistance=\dimen290
\pgfdecoratedremainingdistance=\dimen291
\pgfdecoratedinputsegmentcompleteddistance=\dimen292
\pgfdecoratedinputsegmentremainingdistance=\dimen293
\pgf@decorate@distancetomove=\dimen294
\pgf@decorate@repeatstate=\count310
\pgfdecorationsegmentamplitude=\dimen295
\pgfdecorationsegmentlength=\dimen296
)
\tikz@lib@dec@box=\box66
) (/usr/share/texlive/texmf-dist/tex/generic/pgf/frontendlayer/tikz/libraries/tikzlibrarydecorations.pathmorphing.code.tex (/usr/share/texlive/texmf-dist/tex/generic/pgf/libraries/decorations/pgflibrarydecorations.pathmorphing.code.tex)) (/usr/share/texlive/texmf-dist/tex/generic/pgf/frontendlayer/tikz/libraries/tikzlibrarydecorations.pathreplacing.code.tex (/usr/share/texlive/texmf-dist/tex/generic/pgf/libraries/decorations/pgflibrarydecorations.pathreplacing.code.tex)) (/usr/share/texlive/texmf-dist/tex/generic/pgfplots/libs/tikzlibrarypgfplots.contourlua.code.tex)
\pgfplots@numplots=\count311
\pgfplots@xmin@reg=\dimen297
\pgfplots@xmax@reg=\dimen298
\pgfplots@ymin@reg=\dimen299
\pgfplots@ymax@reg=\dimen300
\pgfplots@zmin@reg=\dimen301
\pgfplots@zmax@reg=\dimen302
) (/usr/share/texlive/texmf-dist/tex/generic/pgf/frontendlayer/tikz/libraries/tikzlibraryplotmarks.code.tex
File: tikzlibraryplotmarks.code.tex 2021/05/15 v3.1.9a (3.1.9a)
 (/usr/share/texlive/texmf-dist/tex/generic/pgf/libraries/pgflibraryplotmarks.code.tex
File: pgflibraryplotmarks.code.tex 2021/05/15 v3.1.9a (3.1.9a)
))) (/usr/share/texlive/texmf-dist/tex/latex/siunitx/siunitx.sty
Package: siunitx 2022-02-02 v3.0.46 A comprehensive (SI) units package
\l__siunitx_angle_tmp_dim=\dimen303
\l__siunitx_angle_marker_box=\box67
\l__siunitx_angle_unit_box=\box68
\l__siunitx_compound_count_int=\count312
 (/usr/share/texlive/texmf-dist/tex/latex/translations/translations.sty
Package: translations 2022/01/04 v1.11 internationalization of LaTeX2e packages (CN)
 (/usr/share/texlive/texmf-dist/tex/latex/etoolbox/etoolbox.sty
Package: etoolbox 2020/10/05 v2.5k e-TeX tools for LaTeX (JAW)
\etb@tempcnta=\count313
) (/usr/share/texlive/texmf-dist/tex/generic/pdftexcmds/pdftexcmds.sty
Package: pdftexcmds 2020-06-27 v0.33 Utility functions of pdfTeX for LuaTeX (HO)
 (/usr/share/texlive/texmf-dist/tex/generic/infwarerr/infwarerr.sty
Package: infwarerr 2019/12/03 v1.5 Providing info/warning/error messages (HO)
) (/usr/share/texlive/texmf-dist/tex/generic/ltxcmds/ltxcmds.sty
Package: ltxcmds 2020-05-10 v1.25 LaTeX kernel commands for general use (HO)
)
Package pdftexcmds Info: \pdf@primitive is available.
Package pdftexcmds Info: \pdf@ifprimitive is available.
Package pdftexcmds Info: \pdfdraftmode found.
))
\l__siunitx_number_exponent_fixed_int=\count314
\l__siunitx_number_min_decimal_int=\count315
\l__siunitx_number_min_integer_int=\count316
\l__siunitx_number_round_precision_int=\count317
\l__siunitx_number_group_minimum_int=\count318
\l__siunitx_table_tmp_box=\box69
\l__siunitx_table_tmp_dim=\dimen304
\l__siunitx_table_column_width_dim=\dimen305
\l__siunitx_table_integer_box=\box70
\l__siunitx_table_decimal_box=\box71
\l__siunitx_table_before_box=\box72
\l__siunitx_table_after_box=\box73
\l__siunitx_table_before_dim=\dimen306
\l__siunitx_table_carry_dim=\dimen307
\l__siunitx_unit_tmp_int=\count319
\l__siunitx_unit_position_int=\count320
\l__siunitx_unit_total_int=\count321
 (/usr/share/texlive/texmf-dist/tex/latex/l3packages/l3keys2e/l3keys2e.sty (/usr/share/texlive/texmf-dist/tex/latex/l3kernel/expl3.sty
Package: expl3 2022-01-21 L3 programming layer (loader) 
 (/usr/share/texlive/texmf-dist/tex/latex/l3backend/l3backend-pdftex.def
File: l3backend-pdftex.def 2022-01-12 L3 backend support: PDF output (pdfTeX)
\l__color_backend_stack_int=\count322
\l__pdf_internal_box=\box74
))
Package: l3keys2e 2022-01-12 LaTeX2e option processing using LaTeX3 keys
) (/usr/share/texlive/texmf-dist/tex/latex/tools/array.sty
Package: array 2021/10/04 v2.5f Tabular extension package (FMi)
\col@sep=\dimen308
\ar@mcellbox=\box75
\extrarowheight=\dimen309
\NC@list=\toks46
\extratabsurround=\skip71
\backup@length=\skip72
\ar@cellbox=\box76
)) (/usr/share/texlive/texmf-dist/tex/latex/carlisle/slashed.sty
Package: slashed 1997/01/16 v0.01 Feynman Slashed Character Notation (DPC)
) (/usr/share/texlive/texmf-dist/tex/latex/tools/tabularx.sty
Package: tabularx 2020/01/15 v2.11c `tabularx' package (DPC)
\TX@col@width=\dimen310
\TX@old@table=\dimen311
\TX@old@col=\dimen312
\TX@target=\dimen313
\TX@delta=\dimen314
\TX@cols=\count323
\TX@ftn=\toks47
) (/usr/share/texlive/texmf-dist/tex/latex/titlesec/titletoc.sty
Package: titletoc 2021/07/05 v2.14 TOC entries
\ttl@leftsep=\dimen315
) (/usr/share/texlive/texmf-dist/tex/latex/tkz-euclide/tkz-euclide.sty
2022/01/19 4.03 tkz-euclide.sty
Package: tkz-euclide  2022/01/19 4.03 for pure Euclidean Geometry 
(/usr/share/texlive/texmf-dist/tex/generic/pgf/frontendlayer/tikz/libraries/tikzlibraryangles.code.tex
File: tikzlibraryangles.code.tex 2021/05/15 v3.1.9a (3.1.9a)
) (/usr/share/texlive/texmf-dist/tex/generic/pgf/frontendlayer/tikz/libraries/tikzlibraryarrows.code.tex
File: tikzlibraryarrows.code.tex 2021/05/15 v3.1.9a (3.1.9a)
 (/usr/share/texlive/texmf-dist/tex/generic/pgf/libraries/pgflibraryarrows.code.tex
File: pgflibraryarrows.code.tex 2021/05/15 v3.1.9a (3.1.9a)
\arrowsize=\dimen316
)) (/usr/share/texlive/texmf-dist/tex/generic/pgf/libraries/pgflibraryarrows.meta.code.tex
File: pgflibraryarrows.meta.code.tex 2021/05/15 v3.1.9a (3.1.9a)
\pgfarrowinset=\dimen317
\pgfarrowlength=\dimen318
\pgfarrowwidth=\dimen319
\pgfarrowlinewidth=\dimen320
) (/usr/share/texlive/texmf-dist/tex/generic/pgf/frontendlayer/tikz/libraries/tikzlibrarycalc.code.tex
File: tikzlibrarycalc.code.tex 2021/05/15 v3.1.9a (3.1.9a)
) (/usr/share/texlive/texmf-dist/tex/generic/pgf/frontendlayer/tikz/libraries/tikzlibrarydecorations.markings.code.tex (/usr/share/texlive/texmf-dist/tex/generic/pgf/libraries/decorations/pgflibrarydecorations.markings.code.tex)) (/usr/share/texlive/texmf-dist/tex/generic/pgf/frontendlayer/tikz/libraries/tikzlibrarydecorations.shapes.code.tex (/usr/share/texlive/texmf-dist/tex/generic/pgf/libraries/decorations/pgflibrarydecorations.shapes.code.tex)) (/usr/share/texlive/texmf-dist/tex/generic/pgf/frontendlayer/tikz/libraries/tikzlibrarydecorations.text.code.tex (/usr/share/texlive/texmf-dist/tex/generic/pgf/libraries/decorations/pgflibrarydecorations.text.code.tex
\pgf@lib@dec@text@box=\box77
)
\tikz@lib@dec@te@box=\box78
) (/usr/share/texlive/texmf-dist/tex/generic/pgf/frontendlayer/tikz/libraries/tikzlibraryintersections.code.tex (/usr/share/texlive/texmf-dist/tex/generic/pgf/libraries/pgflibraryintersections.code.tex
\pgf@intersect@solutions=\count324
)) (/usr/share/texlive/texmf-dist/tex/generic/pgf/frontendlayer/tikz/libraries/tikzlibraryquotes.code.tex
File: tikzlibraryquotes.code.tex 2021/05/15 v3.1.9a (3.1.9a)
) (/usr/share/texlive/texmf-dist/tex/generic/pgf/frontendlayer/tikz/libraries/tikzlibraryshapes.misc.code.tex
File: tikzlibraryshapes.misc.code.tex 2021/05/15 v3.1.9a (3.1.9a)
 (/usr/share/texlive/texmf-dist/tex/generic/pgf/libraries/shapes/pgflibraryshapes.misc.code.tex
File: pgflibraryshapes.misc.code.tex 2021/05/15 v3.1.9a (3.1.9a)
)) (/usr/share/texlive/texmf-dist/tex/latex/l3packages/xfp/xfp.sty
Package: xfp 2022-01-12 L3 Floating point unit
)
\tkzRadius=\dimen321
\tkzLength=\dimen322
\tkz@radi=\dimen323
\tkz@ax=\dimen324
\tkz@ay=\dimen325
\tkz@bx=\dimen326
\tkz@by=\dimen327
\tkz@cx=\dimen328
\tkz@cy=\dimen329
\tkz@dx=\dimen330
\tkz@dy=\dimen331
\tkz@cntmk=\count325

Local configuration file tkz-euclide.cfg found and used
(/usr/share/texlive/texmf-dist/tex/latex/tkz-euclide/tkz-euclide.cfg
2022/01/19 4.03 tkz-euclide.cfg
) (/usr/share/texlive/texmf-dist/tex/latex/tkz-euclide/tkz-tools-eu-base.tex
2022/01/19 4.03 tkz-tools-eu-base.tex
) (/usr/share/texlive/texmf-dist/tex/latex/tkz-euclide/tkz-tools-eu-utilities.tex
2022/01/19 4.03 tkz-tools-eu-utilities.tex
) (/usr/share/texlive/texmf-dist/tex/latex/tkz-euclide/tkz-tools-eu-BB.tex
2022/01/19 4.03 tkz-obj-eu-BB.tex
) (/usr/share/texlive/texmf-dist/tex/latex/tkz-euclide/tkz-obj-eu-grids.tex
2022/01/19 4.03 tkz-obj-eu-grids.tex
) (/usr/share/texlive/texmf-dist/tex/latex/tkz-euclide/tkz-lib-eu-marks.tex
2022/01/19 4.03 tkz-lib-eu-marks.tex
) (/usr/share/texlive/texmf-dist/tex/latex/tkz-euclide/tkz-tools-eu-text.tex
2022/01/19 4.03 tkz-tools-eu-text.tex
) (/usr/share/texlive/texmf-dist/tex/latex/tkz-euclide/tkz-lib-eu-shape.tex
2022/01/19 4.03 tkz-lib-eu-shape.tex
) (/usr/share/texlive/texmf-dist/tex/latex/tkz-euclide/tkz-obj-eu-axesmin.tex
2022/01/19 4.03 tkz-obj-eu-axesmin
) (/usr/share/texlive/texmf-dist/tex/latex/tkz-euclide/tkz-tools-eu-colors.tex
2022/01/19 4.03 tkz-tools-eu-colors
) (/usr/share/texlive/texmf-dist/tex/latex/tkz-euclide/tkz-obj-eu-points.tex
2022/01/19 4.03 tkz-obj-eu-points.tex
) (/usr/share/texlive/texmf-dist/tex/latex/tkz-euclide/tkz-tools-eu-math.tex
2022/01/19 4.03 tkz-tools-eu-math.tex
) (/usr/share/texlive/texmf-dist/tex/latex/tkz-euclide/tkz-tools-eu-intersections.tex
2022/01/19 4.03 tkz-tools-intersections.tex
) (/usr/share/texlive/texmf-dist/tex/latex/tkz-euclide/tkz-tools-eu-angles.tex
2022/01/19 4.03 tkz-tools-angles.tex
) (/usr/share/texlive/texmf-dist/tex/latex/tkz-euclide/tkz-obj-eu-compass.tex
2022/01/19 4.03 tkz-obj-eu-compass.tex
) (/usr/share/texlive/texmf-dist/tex/latex/tkz-euclide/tkz-obj-eu-circles.tex
2022/01/19 4.03 tkz-obj-eu-circles.tex
) (/usr/share/texlive/texmf-dist/tex/latex/tkz-euclide/tkz-obj-eu-circles-by.tex
2022/01/19 4.03 tkz-obj-eu-circles.tex
) (/usr/share/texlive/texmf-dist/tex/latex/tkz-euclide/tkz-obj-eu-draw-angles.tex
2022/01/19 4.03 tkz-tool-eu-angles.tex
\tkz@arcsize=\dimen332
\tkz@fillsize=\dimen333
) (/usr/share/texlive/texmf-dist/tex/latex/tkz-euclide/tkz-obj-eu-draw-circles.tex
2022/01/19 4.03 tkz-obj-eu-draw-circles.tex
) (/usr/share/texlive/texmf-dist/tex/latex/tkz-euclide/tkz-obj-eu-draw-lines.tex
2022/01/19 4.03 tkz-obj-eu-draw-lines.tex
) (/usr/share/texlive/texmf-dist/tex/latex/tkz-euclide/tkz-obj-eu-draw-polygons.tex
2022/01/19 4.03 tkz-obj-eu-polygons.tex
) (/usr/share/texlive/texmf-dist/tex/latex/tkz-euclide/tkz-obj-eu-draw-triangles.tex
2022/01/19 4.03 tkz-obj-eu-draw-triangles.tex
) (/usr/share/texlive/texmf-dist/tex/latex/tkz-euclide/tkz-obj-eu-lines.tex
2022/01/19 4.03 tkz-obj-eu-lines.tex
) (/usr/share/texlive/texmf-dist/tex/latex/tkz-euclide/tkz-obj-eu-points-by.tex
2022/01/19 4.03 tkz-tools-el-points-by.tex
) (/usr/share/texlive/texmf-dist/tex/latex/tkz-euclide/tkz-obj-eu-points-rnd.tex
2022/01/19 4.03 tkz-obj-el-points-rnd.tex
) (/usr/share/texlive/texmf-dist/tex/latex/tkz-euclide/tkz-obj-eu-points-spc.tex
2022/01/19 4.03 tkz-obj-el-points.tex
) (/usr/share/texlive/texmf-dist/tex/latex/tkz-euclide/tkz-obj-eu-points-with.tex
2022/01/19 4.03 tkz-obj-el-points-with.tex
) (/usr/share/texlive/texmf-dist/tex/latex/tkz-euclide/tkz-obj-eu-polygons.tex
2022/01/19 4.03 tkz-obj-eu-polygons.tex
) (/usr/share/texlive/texmf-dist/tex/latex/tkz-euclide/tkz-obj-eu-protractor.tex
2022/01/19 4.03 tkz-obj-eu-protractor.tex
) (/usr/share/texlive/texmf-dist/tex/latex/tkz-euclide/tkz-obj-eu-sectors.tex
2022/01/19 4.03 tkz-obj-eu-sectors.tex
) (/usr/share/texlive/texmf-dist/tex/latex/tkz-euclide/tkz-obj-eu-show.tex
2022/01/19 4.03 tkz-obj-eu-show.tex
) (/usr/share/texlive/texmf-dist/tex/latex/tkz-euclide/tkz-obj-eu-triangles.tex
2022/01/19 4.03 tkz-obj-eu-triangles.tex
)) (/usr/share/texlive/texmf-dist/tex/generic/ulem/ulem.sty
\UL@box=\box79
\UL@hyphenbox=\box80
\UL@skip=\skip73
\UL@hook=\toks48
\UL@height=\dimen334
\UL@pe=\count326
\UL@pixel=\dimen335
\ULC@box=\box81
Package: ulem 2019/11/18
\ULdepth=\dimen336
) (/usr/share/texlive/texmf-dist/tex/latex/url/url.sty
\Urlmuskip=\muskip20
Package: url 2013/09/16  ver 3.4  Verb mode for urls, etc.
) (/usr/share/texlive/texmf-dist/tex/generic/xypic/xy.sty (/usr/share/texlive/texmf-dist/tex/generic/xypic/xy.tex Bootstrap'ing: catcodes, docmode, (/usr/share/texlive/texmf-dist/tex/generic/xypic/xyrecat.tex) (/usr/share/texlive/texmf-dist/tex/generic/xypic/xyidioms.tex)

 Xy-pic version 3.8.9 <2013/10/06>
 Copyright (c) 1991-2013 by Kristoffer H. Rose <krisrose@tug.org> and others
 Xy-pic is free software: see the User's Guide for details.

Loading kernel: messages; fonts; allocations: state,
\X@c=\dimen337
\Y@c=\dimen338
\U@c=\dimen339
\D@c=\dimen340
\L@c=\dimen341
\R@c=\dimen342
\Edge@c=\toks49
\X@p=\dimen343
\Y@p=\dimen344
\U@p=\dimen345
\D@p=\dimen346
\L@p=\dimen347
\R@p=\dimen348
\Edge@p=\toks50
\X@origin=\dimen349
\Y@origin=\dimen350
\X@xbase=\dimen351
\Y@xbase=\dimen352
\X@ybase=\dimen353
\Y@ybase=\dimen354
\X@min=\dimen355
\Y@min=\dimen356
\X@max=\dimen357
\Y@max=\dimen358
\lastobjectbox@=\box82
\zerodotbox@=\box83
\almostz@=\dimen359
 direction,
\d@X=\dimen360
\d@Y=\dimen361
\K@=\count327
\KK@=\count328
\Direction=\count329
\K@dXdY=\dimen362
\K@dYdX=\dimen363
\xyread@=\read3
\xywrite@=\write4
\csp@=\count330
\quotPTK@=\dimen364
 utility macros; pictures: \xy, positions,
\swaptoks@@=\toks51
\connectobjectbox@@=\box84
 objects,
\styletoks@=\toks52
 decorations; kernel objects: directionals, circles, text; options; algorithms: directions, edges, connections;  Xy-pic loaded) (/usr/share/texlive/texmf-dist/tex/generic/iftex/ifpdf.sty
Package: ifpdf 2019/10/25 v3.4 ifpdf legacy package. Use iftex instead.
)
Package: xy 2013/10/06 Xy-pic version 3.8.9
 (/usr/share/texlive/texmf-dist/tex/generic/xypic/xyall.tex  Xy-pic option: All features v.3.8 (/usr/share/texlive/texmf-dist/tex/generic/xypic/xycurve.tex  Xy-pic option: Curve and Spline extension v.3.12 curve,
\crv@cnt@=\count331
\crvpts@=\toks53
\splinebox@=\box85
\splineval@=\dimen365
\splinedepth@=\dimen366
\splinetol@=\dimen367
\splinelength@=\dimen368
 circles,
\L@=\dimen369
 loaded) (/usr/share/texlive/texmf-dist/tex/generic/xypic/xyframe.tex  Xy-pic option: Frame and Bracket extension v.3.14 loaded) (/usr/share/texlive/texmf-dist/tex/generic/xypic/xycmtip.tex  Xy-pic option: Computer Modern tip extension v.3.7 (/usr/share/texlive/texmf-dist/tex/generic/xypic/xytips.tex  Xy-pic option: More Tips extension v.3.11 loaded) loaded) (/usr/share/texlive/texmf-dist/tex/generic/xypic/xyline.tex  Xy-pic option: Line styles extension v.3.10
\xylinethick@=\dimen370
 loaded) (/usr/share/texlive/texmf-dist/tex/generic/xypic/xyrotate.tex  Xy-pic option: Rotate and Scale extension v.3.8 loaded) (/usr/share/texlive/texmf-dist/tex/generic/xypic/xycolor.tex  Xy-pic option: Colour extension v.3.11 loaded) (/usr/share/texlive/texmf-dist/tex/generic/xypic/xymatrix.tex  Xy-pic option: Matrix feature v.3.14
\Row=\count332
\Col=\count333
\queue@=\toks54
\queue@@=\toks55
\qcount@=\count334
\qcount@@=\count335
\matrixsize@=\count336
 loaded) (/usr/share/texlive/texmf-dist/tex/generic/xypic/xyarrow.tex  Xy-pic option: Arrow and Path feature v.3.9 path, \ar, loaded) (/usr/share/texlive/texmf-dist/tex/generic/xypic/xygraph.tex  Xy-pic option: Graph feature v.3.11 loaded) loaded) (/usr/share/texlive/texmf-dist/tex/generic/xypic/xypdf.tex  Xy-pic option: PDF driver v.1.7 Xy-pic pdf driver: `color' extension support (/usr/share/texlive/texmf-dist/tex/generic/xypic/xypdf-co.tex loaded) Xy-pic pdf driver: `curve' extension support (/usr/share/texlive/texmf-dist/tex/generic/xypic/xypdf-cu.tex loaded) Xy-pic pdf driver: `frame' extension support (/usr/share/texlive/texmf-dist/tex/generic/xypic/xypdf-fr.tex
loaded) Xy-pic pdf driver: `line' extension support (/usr/share/texlive/texmf-dist/tex/generic/xypic/xypdf-li.tex loaded) Xy-pic pdf driver: `rotate' extension support (/usr/share/texlive/texmf-dist/tex/generic/xypic/xypdf-ro.tex loaded) loaded)) (/usr/share/texlive/texmf-dist/tex/latex/imakeidx/imakeidx.sty
Package: imakeidx 2016/10/15 v1.3e Package for typesetting indices in a synchronous mode
 (/usr/share/texlive/texmf-dist/tex/latex/xkeyval/xkeyval.sty
Package: xkeyval 2020/11/20 v2.8 package option processing (HA)
 (/usr/share/texlive/texmf-dist/tex/generic/xkeyval/xkeyval.tex (/usr/share/texlive/texmf-dist/tex/generic/xkeyval/xkvutils.tex
\XKV@toks=\toks56
\XKV@tempa@toks=\toks57
)
\XKV@depth=\count337
File: xkeyval.tex 2014/12/03 v2.7a key=value parser (HA)
)) (/usr/share/texlive/texmf-dist/tex/generic/iftex/ifxetex.sty
Package: ifxetex 2019/10/25 v0.7 ifxetex legacy package. Use iftex instead.
) (/usr/share/texlive/texmf-dist/tex/generic/iftex/ifluatex.sty
Package: ifluatex 2019/10/25 v1.5 ifluatex legacy package. Use iftex instead.
) (/usr/share/texlive/texmf-dist/tex/latex/tools/multicol.sty
Package: multicol 2021/10/28 v1.9b multicolumn formatting (FMi)
\c@tracingmulticols=\count338
\mult@box=\box86
\multicol@leftmargin=\dimen371
\c@unbalance=\count339
\c@collectmore=\count340
\doublecol@number=\count341
\multicoltolerance=\count342
\multicolpretolerance=\count343
\full@width=\dimen372
\page@free=\dimen373
\premulticols=\dimen374
\postmulticols=\dimen375
\multicolsep=\skip74
\multicolbaselineskip=\skip75
\partial@page=\box87
\last@line=\box88
\maxbalancingoverflow=\dimen376
\mult@rightbox=\box89
\mult@grightbox=\box90
\mult@firstbox=\box91
\mult@gfirstbox=\box92
\@tempa=\box93
\@tempa=\box94
\@tempa=\box95
\@tempa=\box96
\@tempa=\box97
\@tempa=\box98
\@tempa=\box99
\@tempa=\box100
\@tempa=\box101
\@tempa=\box102
\@tempa=\box103
\@tempa=\box104
\@tempa=\box105
\@tempa=\box106
\@tempa=\box107
\@tempa=\box108
\@tempa=\box109
\@tempa=\box110
\@tempa=\box111
\@tempa=\box112
\@tempa=\box113
\@tempa=\box114
\@tempa=\box115
\@tempa=\box116
\@tempa=\box117
\@tempa=\box118
\@tempa=\box119
\@tempa=\box120
\@tempa=\box121
\@tempa=\box122
\@tempa=\box123
\@tempa=\box124
\@tempa=\box125
\@tempa=\box126
\@tempa=\box127
\@tempa=\box128
\c@minrows=\count344
\c@columnbadness=\count345
\c@finalcolumnbadness=\count346
\last@try=\dimen377
\multicolovershoot=\dimen378
\multicolundershoot=\dimen379
\mult@nat@firstbox=\box129
\colbreak@box=\box130
\mc@col@check@num=\count347
))
\introelectrodynamics_chap1@idxfile=\write5
\openout5 = `introelectrodynamics_chap1.idx'.


Writing index file introelectrodynamics_chap1.idx
(/usr/share/texlive/texmf-dist/tex/latex/tocloft/tocloft.sty
Package: tocloft 2017/08/31 v2.3i parameterised ToC, etc., typesetting
Package tocloft Info: The document has section divisions on input line 51.
\cftparskip=\skip76
\cftbeforetoctitleskip=\skip77
\cftaftertoctitleskip=\skip78
\cftbeforepartskip=\skip79
\cftpartnumwidth=\skip80
\cftpartindent=\skip81
\cftbeforesecskip=\skip82
\cftsecindent=\skip83
\cftsecnumwidth=\skip84
\cftbeforesubsecskip=\skip85
\cftsubsecindent=\skip86
\cftsubsecnumwidth=\skip87
\cftbeforesubsubsecskip=\skip88
\cftsubsubsecindent=\skip89
\cftsubsubsecnumwidth=\skip90
\cftbeforeparaskip=\skip91
\cftparaindent=\skip92
\cftparanumwidth=\skip93
\cftbeforesubparaskip=\skip94
\cftsubparaindent=\skip95
\cftsubparanumwidth=\skip96
\cftbeforeloftitleskip=\skip97
\cftafterloftitleskip=\skip98
\cftbeforefigskip=\skip99
\cftfigindent=\skip100
\cftfignumwidth=\skip101
\c@lofdepth=\count348
\c@lotdepth=\count349
\cftbeforelottitleskip=\skip102
\cftafterlottitleskip=\skip103
\cftbeforetabskip=\skip104
\cfttabindent=\skip105
\cfttabnumwidth=\skip106
) (/usr/share/texlive/texmf-dist/tex/latex/xpatch/xpatch.sty
Package: xpatch 2020/03/25 v0.3a Extending etoolbox patching commands
 (/usr/share/texlive/texmf-dist/tex/latex/l3packages/xparse/xparse.sty
Package: xparse 2022-01-12 L3 Experimental document command parser
))
Package etoolbox Info: Enabling tracing on input line 87.
 (/usr/share/texlive/texmf-dist/tex/latex/etoolbox/etoolbox.def
File: etoolbox.def 2020/10/05 v2.5k etoolbox debug messages (JAW)
)
[debug] tracing \patchcmd on input line 88
[debug] analyzing '\\proof'
[debug] ++ control sequence is defined
[debug] ++ control sequence is a macro
[debug] ++ macro can be retokenized cleanly
[debug] ++ search pattern found in replacement text
[debug] ++ patching possible
[debug] == retokenizing macro now
LaTeX Font Info:    Trying to load font information for T1+txtt on input line 98.
(/usr/share/texlive/texmf-dist/tex/latex/txfonts/t1txtt.fd
File: t1txtt.fd 2000/12/15 v3.1
) (/usr/share/texlive/texmf-dist/tex/latex/listings/listings.sty
\lst@mode=\count350
\lst@gtempboxa=\box131
\lst@token=\toks58
\lst@length=\count351
\lst@currlwidth=\dimen380
\lst@column=\count352
\lst@pos=\count353
\lst@lostspace=\dimen381
\lst@width=\dimen382
\lst@newlines=\count354
\lst@lineno=\count355
\lst@maxwidth=\dimen383
 (/usr/share/texlive/texmf-dist/tex/latex/listings/lstmisc.sty
File: lstmisc.sty 2020/03/24 1.8d (Carsten Heinz)
\c@lstnumber=\count356
\lst@skipnumbers=\count357
\lst@framebox=\box132
) (/usr/share/texlive/texmf-dist/tex/latex/listings/listings.cfg
File: listings.cfg 2020/03/24 1.8d listings configuration
))
Package: listings 2020/03/24 1.8d (Carsten Heinz)
 (/usr/share/texlive/texmf-dist/tex/latex/l3packages/xfrac/xfrac.sty (/usr/share/texlive/texmf-dist/tex/latex/base/textcomp.sty
Package: textcomp 2020/02/02 v2.0n Standard LaTeX package
) (/usr/share/texlive/texmf-dist/tex/latex/l3packages/xtemplate/xtemplate.sty
Package: xtemplate 2022-01-12 L3 Experimental prototype document functions
\l__xtemplate_tmp_dim=\dimen384
\l__xtemplate_tmp_int=\count358
\l__xtemplate_tmp_muskip=\muskip21
\l__xtemplate_tmp_skip=\skip107
)
Package: xfrac 2022-01-12 L3 Experimental split-level fractions
\l__xfrac_slash_box=\box133
\l__xfrac_tmp_box=\box134
\l__xfrac_denominator_bot_sep_dim=\dimen385
\l__xfrac_numerator_bot_sep_dim=\dimen386
\l__xfrac_numerator_top_sep_dim=\dimen387
\l__xfrac_slash_left_sep_dim=\dimen388
\l__xfrac_slash_right_sep_dim=\dimen389
\l__xfrac_slash_left_muskip=\muskip22
\l__xfrac_slash_right_muskip=\muskip23

Package xtemplate Info: Declaring object type 'xfrac' taking 3 argument(s) on
(xtemplate)             line 80.

) (/usr/share/texlive/texmf-dist/tex/latex/cancel/cancel.sty
Package: cancel 2013/04/12 v2.2 Cancel math terms
) (/usr/share/texlive/texmf-dist/tex/latex/bookmark/bookmark.sty
Package: bookmark 2020-11-06 v1.29 PDF bookmarks (HO)
 (/usr/share/texlive/texmf-dist/tex/latex/hyperref/hyperref.sty
Package: hyperref 2021-06-07 v7.00m Hypertext links for LaTeX
 (/usr/share/texlive/texmf-dist/tex/generic/kvsetkeys/kvsetkeys.sty
Package: kvsetkeys 2019/12/15 v1.18 Key value parser (HO)
) (/usr/share/texlive/texmf-dist/tex/generic/kvdefinekeys/kvdefinekeys.sty
Package: kvdefinekeys 2019-12-19 v1.6 Define keys (HO)
) (/usr/share/texlive/texmf-dist/tex/generic/pdfescape/pdfescape.sty
Package: pdfescape 2019/12/09 v1.15 Implements pdfTeX's escape features (HO)
) (/usr/share/texlive/texmf-dist/tex/latex/hycolor/hycolor.sty
Package: hycolor 2020-01-27 v1.10 Color options for hyperref/bookmark (HO)
) (/usr/share/texlive/texmf-dist/tex/latex/letltxmacro/letltxmacro.sty
Package: letltxmacro 2019/12/03 v1.6 Let assignment for LaTeX macros (HO)
) (/usr/share/texlive/texmf-dist/tex/latex/auxhook/auxhook.sty
Package: auxhook 2019-12-17 v1.6 Hooks for auxiliary files (HO)
) (/usr/share/texlive/texmf-dist/tex/latex/kvoptions/kvoptions.sty
Package: kvoptions 2020-10-07 v3.14 Key value format for package options (HO)
)
\@linkdim=\dimen390
\Hy@linkcounter=\count359
\Hy@pagecounter=\count360
 (/usr/share/texlive/texmf-dist/tex/latex/hyperref/pd1enc.def
File: pd1enc.def 2021-06-07 v7.00m Hyperref: PDFDocEncoding definition (HO)
Now handling font encoding PD1 ...
... no UTF-8 mapping file for font encoding PD1
) (/usr/share/texlive/texmf-dist/tex/latex/hyperref/hyperref-langpatches.def
File: hyperref-langpatches.def 2021-06-07 v7.00m Hyperref: patches for babel languages
) (/usr/share/texlive/texmf-dist/tex/generic/intcalc/intcalc.sty
Package: intcalc 2019/12/15 v1.3 Expandable calculations with integers (HO)
) (/usr/share/texlive/texmf-dist/tex/generic/etexcmds/etexcmds.sty
Package: etexcmds 2019/12/15 v1.7 Avoid name clashes with e-TeX commands (HO)
)
\Hy@SavedSpaceFactor=\count361
 (/usr/share/texlive/texmf-dist/tex/latex/hyperref/puenc.def
File: puenc.def 2021-06-07 v7.00m Hyperref: PDF Unicode definition (HO)
Now handling font encoding PU ...
... no UTF-8 mapping file for font encoding PU
)
Package hyperref Info: Hyper figures OFF on input line 4192.
Package hyperref Info: Link nesting OFF on input line 4197.
Package hyperref Info: Hyper index ON on input line 4200.
Package hyperref Info: Plain pages OFF on input line 4207.
Package hyperref Info: Backreferencing OFF on input line 4212.
Package hyperref Info: Implicit mode ON; LaTeX internals redefined.
Package hyperref Info: Bookmarks ON on input line 4445.
\c@Hy@tempcnt=\count362
LaTeX Info: Redefining \url on input line 4804.
\XeTeXLinkMargin=\dimen391
 (/usr/share/texlive/texmf-dist/tex/generic/bitset/bitset.sty
Package: bitset 2019/12/09 v1.3 Handle bit-vector datatype (HO)
 (/usr/share/texlive/texmf-dist/tex/generic/bigintcalc/bigintcalc.sty
Package: bigintcalc 2019/12/15 v1.5 Expandable calculations on big integers (HO)
))
\Fld@menulength=\count363
\Field@Width=\dimen392
\Fld@charsize=\dimen393
Package hyperref Info: Hyper figures OFF on input line 6076.
Package hyperref Info: Link nesting OFF on input line 6081.
Package hyperref Info: Hyper index ON on input line 6084.
Package hyperref Info: backreferencing OFF on input line 6091.
Package hyperref Info: Link coloring OFF on input line 6096.
Package hyperref Info: Link coloring with OCG OFF on input line 6101.
Package hyperref Info: PDF/A mode OFF on input line 6106.
LaTeX Info: Redefining \ref on input line 6146.
LaTeX Info: Redefining \pageref on input line 6150.
 (/usr/share/texlive/texmf-dist/tex/latex/base/atbegshi-ltx.sty
Package: atbegshi-ltx 2021/01/10 v1.0c Emulation of the original atbegshi
package with kernel methods
)
\Hy@abspage=\count364
\c@Item=\count365
\c@Hfootnote=\count366
)
Package hyperref Info: Driver (autodetected): hpdftex.
 (/usr/share/texlive/texmf-dist/tex/latex/hyperref/hpdftex.def
File: hpdftex.def 2021-06-07 v7.00m Hyperref driver for pdfTeX
 (/usr/share/texlive/texmf-dist/tex/latex/base/atveryend-ltx.sty
Package: atveryend-ltx 2020/08/19 v1.0a Emulation of the original atveryend package
with kernel methods
)
\Fld@listcount=\count367
\c@bookmark@seq@number=\count368
 (/usr/share/texlive/texmf-dist/tex/latex/rerunfilecheck/rerunfilecheck.sty
Package: rerunfilecheck 2019/12/05 v1.9 Rerun checks for auxiliary files (HO)
 (/usr/share/texlive/texmf-dist/tex/generic/uniquecounter/uniquecounter.sty
Package: uniquecounter 2019/12/15 v1.4 Provide unlimited unique counter (HO)
)
Package uniquecounter Info: New unique counter `rerunfilecheck' on input line 286.
)
\Hy@SectionHShift=\skip108
) (/usr/share/texlive/texmf-dist/tex/latex/bookmark/bkm-pdftex.def
File: bkm-pdftex.def 2020-11-06 v1.29 bookmark driver for pdfTeX (HO)
\BKM@id=\count369
))
(/usr/share/texlive/texmf-dist/tex/latex/theoremref/theoremref.sty
Package: theoremref 2013/05/22 References with automatic theorem names
\thmref@num=\count370
)
Package hyperref Info: Option `colorlinks' set `true' on input line 261.
Package hyperref Info: Option `bookmarksnumbered' set `true' on input line 261.
Package hyperref Info: Option `bookmarksopen' set `true' on input line 261.
 (/usr/share/texlive/texmf-dist/tex/latex/tcolorbox/tcolorbox.sty
Package: tcolorbox 2022/01/07 version 5.0.2 text color boxes
 (/usr/share/texlive/texmf-dist/tex/latex/tools/verbatim.sty
Package: verbatim 2020-07-07 v1.5u LaTeX2e package for verbatim enhancements
\every@verbatim=\toks59
\verbatim@line=\toks60
\verbatim@in@stream=\read4
) (/usr/share/texlive/texmf-dist/tex/latex/environ/environ.sty
Package: environ 2014/05/04 v0.3 A new way to define environments
 (/usr/share/texlive/texmf-dist/tex/latex/trimspaces/trimspaces.sty
Package: trimspaces 2009/09/17 v1.1 Trim spaces around a token list
))
\tcb@titlebox=\box135
\tcb@upperbox=\box136
\tcb@lowerbox=\box137
\tcb@phantombox=\box138
\c@tcbbreakpart=\count371
\c@tcblayer=\count372
\c@tcolorbox@number=\count373
\tcb@temp=\box139
\tcb@temp=\box140
\tcb@temp=\box141
\tcb@temp=\box142
 (/usr/share/texlive/texmf-dist/tex/latex/tcolorbox/tcbraster.code.tex
Library (tcolorbox): 'tcbraster.code.tex' version '5.0.2'
\c@tcbrastercolumn=\count374
\c@tcbrasterrow=\count375
\c@tcbrasternum=\count376
\c@tcbraster=\count377
) (/usr/share/texlive/texmf-dist/tex/latex/tcolorbox/tcbskins.code.tex
Library (tcolorbox): 'tcbskins.code.tex' version '5.0.2'
\tcb@waterbox=\box143
(/usr/share/texlive/texmf-dist/tex/latex/tcolorbox/tcbskinsjigsaw.code.tex
Library (tcolorbox): 'tcbskinsjigsaw.code.tex' version '5.0.2'
)) (/usr/share/texlive/texmf-dist/tex/latex/tcolorbox/tcbbreakable.code.tex
Library (tcolorbox): 'tcbbreakable.code.tex' version '5.0.2'
(/usr/share/texlive/texmf-dist/tex/generic/oberdiek/pdfcol.sty
Package: pdfcol 2019/12/29 v1.6 Handle new color stacks for pdfTeX (HO)
)
Package pdfcol Info: New color stack `tcb@breakable' = 1 on input line 23.
\tcb@testbox=\box144
\tcb@totalupperbox=\box145
\tcb@totallowerbox=\box146
) (/usr/share/texlive/texmf-dist/tex/latex/tcolorbox/tcbhooks.code.tex
Library (tcolorbox): 'tcbhooks.code.tex' version '5.0.2'
) (/usr/share/texlive/texmf-dist/tex/latex/tcolorbox/tcbtheorems.code.tex
Library (tcolorbox): 'tcbtheorems.code.tex' version '5.0.2'
) (/usr/share/texlive/texmf-dist/tex/latex/tcolorbox/tcbfitting.code.tex
Library (tcolorbox): 'tcbfitting.code.tex' version '5.0.2'
\tcbfitdim=\dimen394
\tcb@lowerfitdim=\dimen395
\tcb@upperfitdim=\dimen396
\tcb@cur@hbadness=\count378
) (/usr/share/texlive/texmf-dist/tex/latex/tcolorbox/tcbxparse.code.tex
Library (tcolorbox): 'tcbxparse.code.tex' version '5.0.2'
) (/usr/share/texlive/texmf-dist/tex/latex/tcolorbox/tcblistingsutf8.code.tex
Library (tcolorbox): 'tcblistingsutf8.code.tex' version '5.0.2'
(/usr/share/texlive/texmf-dist/tex/latex/tcolorbox/tcblistings.code.tex
Library (tcolorbox): 'tcblistings.code.tex' version '5.0.2'
(/usr/share/texlive/texmf-dist/tex/latex/tcolorbox/tcblistingscore.code.tex
Library (tcolorbox): 'tcblistingscore.code.tex' version '5.0.2'
(/usr/share/texlive/texmf-dist/tex/latex/tcolorbox/tcbprocessing.code.tex
Library (tcolorbox): 'tcbprocessing.code.tex' version '5.0.2'
(/usr/share/texlive/texmf-dist/tex/latex/tools/shellesc.sty
Package: shellesc 2019/11/08 v1.0c unified shell escape interface for LaTeX
Package shellesc Info: Restricted shell escape enabled on input line 77.
))
\c@tcblisting=\count379
)) (/usr/share/texlive/texmf-dist/tex/latex/listingsutf8/listingsutf8.sty
Package: listingsutf8 2019-12-10 v1.5 Allow UTF-8 in listings input (HO)
 (/usr/share/texlive/texmf-dist/tex/generic/stringenc/stringenc.sty
Package: stringenc 2019/11/29 v1.12 Convert strings between diff. encodings (HO)
))) (/usr/share/texlive/texmf-dist/tex/latex/tcolorbox/tcbexternal.code.tex
Library (tcolorbox): 'tcbexternal.code.tex' version '5.0.2'
) (/usr/share/texlive/texmf-dist/tex/latex/tcolorbox/tcbmagazine.code.tex
Library (tcolorbox): 'tcbmagazine.code.tex' version '5.0.2'
) (/usr/share/texlive/texmf-dist/tex/latex/tcolorbox/tcbvignette.code.tex
Library (tcolorbox): 'tcbvignette.code.tex' version '5.0.2'
(/usr/share/texlive/texmf-dist/tex/generic/pgf/frontendlayer/tikz/libraries/tikzlibraryfadings.code.tex
File: tikzlibraryfadings.code.tex 2021/05/15 v3.1.9a (3.1.9a)
 (/usr/share/texlive/texmf-dist/tex/generic/pgf/libraries/pgflibraryfadings.code.tex
File: pgflibraryfadings.code.tex 2021/05/15 v3.1.9a (3.1.9a)
))) (/usr/share/texlive/texmf-dist/tex/latex/tcolorbox/tcbposter.code.tex
Library (tcolorbox): 'tcbposter.code.tex' version '5.0.2'
)) (/usr/share/texlive/texmf-dist/tex/latex/varwidth/varwidth.sty
Package: varwidth 2009/03/30 ver 0.92;  Variable-width minipages
\@vwid@box=\box147
\sift@deathcycles=\count380
\@vwid@loff=\dimen397
\@vwid@roff=\dimen398
) (/usr/share/texlive/texmf-dist/tex/latex/hyperref/nameref.sty
Package: nameref 2021-04-02 v2.47 Cross-referencing by name of section
 (/usr/share/texlive/texmf-dist/tex/latex/refcount/refcount.sty
Package: refcount 2019/12/15 v3.6 Data extraction from label references (HO)
) (/usr/share/texlive/texmf-dist/tex/generic/gettitlestring/gettitlestring.sty
Package: gettitlestring 2019/12/15 v1.6 Cleanup title references (HO)
)
\c@section@level=\count381
) (/usr/share/texlive/texmf-dist/tex/latex/tikz-cd/tikz-cd.sty
Package: tikz-cd 2021/05/04 v1.0 Commutative diagrams with TikZ
 (/usr/share/texlive/texmf-dist/tex/generic/tikz-cd/tikzlibrarycd.code.tex (/usr/share/texlive/texmf-dist/tex/generic/pgf/frontendlayer/tikz/libraries/tikzlibrarymatrix.code.tex
File: tikzlibrarymatrix.code.tex 2021/05/15 v3.1.9a (3.1.9a)
))) (/usr/share/texlive/texmf-dist/tex/latex/algorithm2e/algorithm2e.sty
Package: algorithm2e 2017/07/18 v5.2 algorithms environments
\c@AlgoLine=\count382
 (/usr/share/texlive/texmf-dist/tex/latex/base/ifthen.sty
Package: ifthen 2020/11/24 v1.1c Standard LaTeX ifthen package (DPC)
)
\algocf@hangindent=\skip109
 (/usr/share/texlive/texmf-dist/tex/latex/ifoddpage/ifoddpage.sty
Package: ifoddpage 2016/04/23 v1.1 Conditionals for odd/even page detection
\c@checkoddpage=\count383
) (/usr/share/texlive/texmf-dist/tex/latex/tools/xspace.sty
Package: xspace 2014/10/28 v1.13 Space after command names (DPC,MH)
) (/usr/share/texlive/texmf-dist/tex/latex/relsize/relsize.sty
Package: relsize 2013/03/29 ver 4.1
)
\skiptotal=\skip110
\skiplinenumber=\skip111
\skiprule=\skip112
\skiphlne=\skip113
\skiptext=\skip114
\skiplength=\skip115
\algomargin=\skip116
\skipalgocfslide=\skip117
\algowidth=\dimen399
\inoutsize=\dimen400
\inoutindent=\dimen401
\interspacetitleruled=\dimen402
\interspacealgoruled=\dimen403
\interspacetitleboxruled=\dimen404
\algocf@ruledwidth=\skip118
\algocf@inoutbox=\box148
\algocf@inputbox=\box149
\AlCapSkip=\skip119
\AlCapHSkip=\skip120
\algoskipindent=\skip121
\algocf@nlbox=\box150
\algocf@hangingbox=\box151
\algocf@untilbox=\box152
\algocf@skipuntil=\skip122
\algocf@capbox=\box153
\algocf@lcaptionbox=\skip123
\algoheightruledefault=\skip124
\algoheightrule=\skip125
\algotitleheightruledefault=\skip126
\algotitleheightrule=\skip127
\c@algocfline=\count384
\c@algocfproc=\count385
\c@algocf=\count386
\algocf@algoframe=\box154
\algocf@algobox=\box155
) (/usr/share/texlive/texmf-dist/tex/latex/comment/comment.sty
\CommentStream=\write6
 Excluding comment 'comment') (/usr/share/texlive/texmf-dist/tex/latex/import/import.sty
Package: import 2020/04/01  v 6.2
) (/usr/share/texlive/texmf-dist/tex/latex/xifthen/xifthen.sty
Package: xifthen 2015/11/05 v1.4.0 Extended ifthen features
 (/usr/share/texlive/texmf-dist/tex/latex/ifmtarg/ifmtarg.sty
Package: ifmtarg 2018/04/16 v1.2b check for an empty argument
)) (/usr/share/texlive/texmf-dist/tex/latex/pdfpages/pdfpages.sty
Package: pdfpages 2022/01/29 v0.5u Insert pages of external PDF documents (AM)
 (/usr/share/texlive/texmf-dist/tex/latex/eso-pic/eso-pic.sty
Package: eso-pic 2020/10/14 v3.0a eso-pic (RN)
\ESO@tempdima=\dimen405
\ESO@tempdimb=\dimen406
)
\AM@pagewidth=\dimen407
\AM@pageheight=\dimen408
\AM@fboxrule=\dimen409
 (/usr/share/texlive/texmf-dist/tex/latex/pdfpages/pppdftex.def
File: pppdftex.def 2022/01/29 v0.5u Pdfpages driver for pdfTeX (AM)
)
\pdfpages@includegraphics@status=\count387
\AM@pagebox=\box156
\AM@global@opts=\toks61
\AM@pagecnt=\count388
\AM@toc@title=\toks62
\c@AM@survey=\count389
\AM@templatesizebox=\box157
) (/usr/share/texlive/texmf-dist/tex/latex/transparent/transparent.sty
Package: transparent 2019/11/29 v1.4 Transparency via pdfTeX's color stack (HO)
) (/usr/share/texlive/texmf-dist/tex/latex/tikzsymbols/tikzsymbols.sty
Package: tikzsymbols 2021/12/14 v4.12a Some symbols created using tikz and LaTeX3.
 (/usr/share/texlive/texmf-dist/tex/generic/pgf/frontendlayer/tikz/libraries/tikzlibrarytrees.code.tex
File: tikzlibrarytrees.code.tex 2021/05/15 v3.1.9a (3.1.9a)
)
\l__tikzsymbols_Moai_thickness_dim=\dimen410
\l__tikzsymbols_Kochtopf_nr_arguments_int=\count390
\l__tikzsymbols_Bratpfanne_nr_arguments_int=\count391
\l__tikzsymbols_Schneebesen_nr_arguments_int=\count392
\l__tikzsymbols_Sieb_nr_arguments_int=\count393
\l__tikzsymbols_Purierstab_nr_arguments_int=\count394
\l__tikzsymbols_Dreizack_nr_arguments_int=\count395
\l__tikzsymbols_Backblech_nr_arguments_int=\count396
\l__tikzsymbols_Ofen_nr_arguments_int=\count397
\l__tikzsymbols_Pfanne_nr_arguments_int=\count398
\l__tikzsymbols_Herd_nr_arguments_int=\count399
\l__tikzsymbols_Saftpresse_nr_arguments_int=\count400
\l__tikzsymbols_Schussel_nr_arguments_int=\count401
\l__tikzsymbols_Schaler_nr_arguments_int=\count402
\l__tikzsymbols_Reibe_nr_arguments_int=\count403
\l__tikzsymbols_Flasche_nr_arguments_int=\count404
\l__tikzsymbols_Nudelholz_nr_arguments_int=\count405
\l__tikzsymbols_Knoblauchpresse_nr_arguments_int=\count406
\l__tikzsymbols_Sadey_nr_arguments_int=\count407
\l__tikzsymbols_dSadey_nr_arguments_int=\count408
\l__tikzsymbols_Changey_nr_arguments_int=\count409
\l__tikzsymbols_dChangey_nr_arguments_int=\count410
\l__tikzsymbols_cChangey_nr_arguments_int=\count411
\l__tikzsymbols_dcChangey_nr_arguments_int=\count412
\l__tikzsymbols_Annoey_nr_arguments_int=\count413
\l__tikzsymbols_dAnnoey_nr_arguments_int=\count414
\l__tikzsymbols_Smiley_nr_arguments_int=\count415
\l__tikzsymbols_dSmiley_nr_arguments_int=\count416
\l__tikzsymbols_Laughey_nr_arguments_int=\count417
\l__tikzsymbols_dLaughey_nr_arguments_int=\count418
\l__tikzsymbols_Neutrey_nr_arguments_int=\count419
\l__tikzsymbols_dNeutrey_nr_arguments_int=\count420
\l__tikzsymbols_Winkey_nr_arguments_int=\count421
\l__tikzsymbols_oldWinkey_nr_arguments_int=\count422
\l__tikzsymbols_dWinkey_nr_arguments_int=\count423
\l__tikzsymbols_olddWinkey_nr_arguments_int=\count424
\l__tikzsymbols_Sey_nr_arguments_int=\count425
\l__tikzsymbols_dSey_nr_arguments_int=\count426
\l__tikzsymbols_Xey_nr_arguments_int=\count427
\l__tikzsymbols_dXey_nr_arguments_int=\count428
\l__tikzsymbols_Innocey_nr_arguments_int=\count429
\l__tikzsymbols_wInnocey_nr_arguments_int=\count430
\l__tikzsymbols_dInnocey_nr_arguments_int=\count431
\l__tikzsymbols_Cooley_nr_arguments_int=\count432
\l__tikzsymbols_dCooley_nr_arguments_int=\count433
\l__tikzsymbols_Tongey_nr_arguments_int=\count434
\l__tikzsymbols_dTongey_nr_arguments_int=\count435
\l__tikzsymbols_Nursey_nr_arguments_int=\count436
\l__tikzsymbols_dNursey_nr_arguments_int=\count437
\l__tikzsymbols_Vomey_nr_arguments_int=\count438
\l__tikzsymbols_dVomey_nr_arguments_int=\count439
\l__tikzsymbols_Walley_nr_arguments_int=\count440
\l__tikzsymbols_rWalley_nr_arguments_int=\count441
\l__tikzsymbols_dWalley_nr_arguments_int=\count442
\l__tikzsymbols_drWalley_nr_arguments_int=\count443
\l__tikzsymbols_Cat_nr_arguments_int=\count444
\l__tikzsymbols_SchrodingersCat_nr_arguments_int=\count445
\l__tikzsymbols_Ninja_nr_arguments_int=\count446
\l__tikzsymbols_dNinja_nr_arguments_int=\count447
\l__tikzsymbols_Sleepey_nr_arguments_int=\count448
\l__tikzsymbols_dSleepey_nr_arguments_int=\count449
\l__tikzsymbols_Maskey_nr_arguments_int=\count450
\l__tikzsymbols_NiceReapey_nr_arguments_int=\count451
\l__tikzsymbols_Strichmaxerl_nr_arguments_int=\count452
\l__tikzsymbols_Person_nr_arguments_int=\count453
\l__tikzsymbols_Heart_nr_arguments_int=\count454
\l__tikzsymbols_dHeart_nr_arguments_int=\count455
\l__tikzsymbols_HeartBroken_nr_arguments_int=\count456
\l__tikzsymbols_Candle_nr_arguments_int=\count457
\l__tikzsymbols_Fire_nr_arguments_int=\count458
\l__tikzsymbols_Coffeecup_nr_arguments_int=\count459
\l__tikzsymbols_Chair_nr_arguments_int=\count460
\l__tikzsymbols_Bed_nr_arguments_int=\count461
\l__tikzsymbols_Tribar_nr_arguments_int=\count462
\l__tikzsymbols_Moai_nr_arguments_int=\count463
\l__tikzsymbols_Snowman_nr_arguments_int=\count464
\l__tikzsymbols_BasicTree_nr_arguments_int=\count465
\l__tikzsymbols_WorstTree_nr_arguments_int=\count466
\l__tikzsymbols_Springtree_nr_arguments_int=\count467
\l__tikzsymbols_Summertree_nr_arguments_int=\count468
\l__tikzsymbols_Autumntree_nr_arguments_int=\count469
\l__tikzsymbols_Wintertree_nr_arguments_int=\count470
)
\c@tcb@cnt@Theorem=\count471
\c@tcb@cnt@question=\count472
\c@tcb@cnt@Property=\count473
\c@tcb@cnt@Lemma=\count474
) (/usr/share/texlive/texmf-dist/tex/generic/pgf/frontendlayer/tikz/libraries/tikzlibrarybackgrounds.code.tex
File: tikzlibrarybackgrounds.code.tex 2021/05/15 v3.1.9a (3.1.9a)
\pgf@layerbox@background=\box158
\pgf@layerboxsaved@background=\box159
) (/usr/share/texlive/texmf-dist/tex/latex/esint/esint.sty
Package: esint 
\symlargesymbolsA=\mathgroup9
)
Package translations Info: No language package found. I am going to use `english' as default language. on input line 13.
 (build/introelectrodynamics_chap1.aux)
\openout1 = `introelectrodynamics_chap1.aux'.

LaTeX Font Info:    Checking defaults for OML/cmm/m/it on input line 13.
LaTeX Font Info:    ... okay on input line 13.
LaTeX Font Info:    Checking defaults for OMS/cmsy/m/n on input line 13.
LaTeX Font Info:    ... okay on input line 13.
LaTeX Font Info:    Checking defaults for OT1/cmr/m/n on input line 13.
LaTeX Font Info:    ... okay on input line 13.
LaTeX Font Info:    Checking defaults for T1/cmr/m/n on input line 13.
LaTeX Font Info:    ... okay on input line 13.
LaTeX Font Info:    Checking defaults for TS1/cmr/m/n on input line 13.
LaTeX Font Info:    ... okay on input line 13.
LaTeX Font Info:    Checking defaults for OMX/cmex/m/n on input line 13.
LaTeX Font Info:    ... okay on input line 13.
LaTeX Font Info:    Checking defaults for U/cmr/m/n on input line 13.
LaTeX Font Info:    ... okay on input line 13.
LaTeX Font Info:    Checking defaults for PD1/pdf/m/n on input line 13.
LaTeX Font Info:    ... okay on input line 13.
LaTeX Font Info:    Checking defaults for PU/pdf/m/n on input line 13.
LaTeX Font Info:    ... okay on input line 13.
Package caption Info: Begin \AtBeginDocument code.
Package caption Info: hyperref package is loaded.
Package caption Info: listings package is loaded.
Package caption Info: End \AtBeginDocument code.
 (/usr/share/texlive/texmf-dist/tex/context/base/mkii/supp-pdf.mkii
[Loading MPS to PDF converter (version 2006.09.02).]
\scratchcounter=\count475
\scratchdimen=\dimen411
\scratchbox=\box160
\nofMPsegments=\count476
\nofMParguments=\count477
\everyMPshowfont=\toks63
\MPscratchCnt=\count478
\MPscratchDim=\dimen412
\MPnumerator=\count479
\makeMPintoPDFobject=\count480
\everyMPtoPDFconversion=\toks64
) (/usr/share/texlive/texmf-dist/tex/latex/epstopdf-pkg/epstopdf-base.sty
Package: epstopdf-base 2020-01-24 v2.11 Base part for package epstopdf
Package epstopdf-base Info: Redefining graphics rule for `.eps' on input line 485.
 (/usr/share/texlive/texmf-dist/tex/latex/latexconfig/epstopdf-sys.cfg
File: epstopdf-sys.cfg 2010/07/13 v1.3 Configuration of (r)epstopdf for TeX Live
))
Package pgfplots notification 'compat/show suggested version=true': document has been generated with the most recent feature set (\pgfplotsset{compat=1.18}).

(/usr/share/texlive/texmf-dist/tex/latex/translations/translations-basic-dictionary-english.trsl
File: translations-basic-dictionary-english.trsl (english translation file `translations-basic-dictionary')
)
Package translations Info: loading dictionary `translations-basic-dictionary' for `english'. on input line 13.
LaTeX Font Info:    Trying to load font information for U+msa on input line 13.
 (/usr/share/texlive/texmf-dist/tex/latex/amsfonts/umsa.fd
File: umsa.fd 2013/01/14 v3.01 AMS symbols A
)
LaTeX Font Info:    Trying to load font information for U+msb on input line 13.
 (/usr/share/texlive/texmf-dist/tex/latex/amsfonts/umsb.fd
File: umsb.fd 2013/01/14 v3.01 AMS symbols B
)
LaTeX Font Info:    Trying to load font information for U+esint on input line 13.
 (/usr/share/texlive/texmf-dist/tex/latex/esint/uesint.fd
File: uesint.fd 
)
Package xypdf Info: Line width: 0.39998pt on input line 13.
\c@lstlisting=\count481
Package hyperref Info: Link coloring ON on input line 13.
LaTeX Info: Redefining \ref on input line 13.
LaTeX Info: Redefining \pageref on input line 13.
LaTeX Info: Redefining \nameref on input line 13.
 (/usr/share/texlive/texmf-dist/tex/latex/base/inputenc.sty
Package: inputenc 2021/02/14 v1.3d Input encoding file
\inpenc@prehook=\toks65
\inpenc@posthook=\toks66
) [1

{/var/lib/texmf/fonts/map/pdftex/updmap/pdftex.map}]
LaTeX Font Info:    Trying to load font information for T1+cmbr on input line 17.
 (/usr/share/texlive/texmf-dist/tex/latex/cmbright/t1cmbr.fd
File: t1cmbr.fd 2005/04/13 v8.1 (WaS)
)
LaTeX Font Info:    Font shape `T1/cmbr/b/n' in size <14.4> not available
(Font)              Font shape `T1/cmbr/bx/n' tried instead on input line 17.
 (build/introelectrodynamics_chap1.toc
LaTeX Font Info:    Font shape `T1/cmbr/b/n' in size <10> not available
(Font)              Font shape `T1/cmbr/bx/n' tried instead on input line 1.
)
\tf@toc=\write7
\openout7 = `introelectrodynamics_chap1.toc'.

 [2]
LaTeX Font Info:    Font shape `T1/cmbr/b/n' in size <12> not available
(Font)              Font shape `T1/cmbr/bx/n' tried instead on input line 22.
 [3] [4] [5] [6]
<../BoldR_cropped.pdf, id=116, 219.9417pt x 199.4652pt>
File: ../BoldR_cropped.pdf Graphic file (type pdf)
<use ../BoldR_cropped.pdf>
Package pdftex.def Info: ../BoldR_cropped.pdf  used on input line 325.
(pdftex.def)             Requested size: 219.94115pt x 199.4647pt.
<../ScriptR_cropped.pdf, id=117, 213.6783pt x 198.9834pt>
File: ../ScriptR_cropped.pdf Graphic file (type pdf)
<use ../ScriptR_cropped.pdf>
Package pdftex.def Info: ../ScriptR_cropped.pdf  used on input line 325.
(pdftex.def)             Requested size: 213.67776pt x 198.98291pt.
File: ../BoldR_cropped.pdf Graphic file (type pdf)
<use ../BoldR_cropped.pdf>
Package pdftex.def Info: ../BoldR_cropped.pdf  used on input line 325.
(pdftex.def)             Requested size: 219.94115pt x 199.4647pt.
File: ../BoldR_cropped.pdf Graphic file (type pdf)
<use ../BoldR_cropped.pdf>
Package pdftex.def Info: ../BoldR_cropped.pdf  used on input line 325.
(pdftex.def)             Requested size: 219.94115pt x 199.4647pt.
File: ../BoldR_cropped.pdf Graphic file (type pdf)
<use ../BoldR_cropped.pdf>
Package pdftex.def Info: ../BoldR_cropped.pdf  used on input line 328.
(pdftex.def)             Requested size: 219.94115pt x 199.4647pt.
File: ../ScriptR_cropped.pdf Graphic file (type pdf)
<use ../ScriptR_cropped.pdf>
Package pdftex.def Info: ../ScriptR_cropped.pdf  used on input line 332.
(pdftex.def)             Requested size: 213.67776pt x 198.98291pt.
File: ../BoldR_cropped.pdf Graphic file (type pdf)
<use ../BoldR_cropped.pdf>
Package pdftex.def Info: ../BoldR_cropped.pdf  used on input line 334.
(pdftex.def)             Requested size: 219.94115pt x 199.4647pt.
File: ../BoldR_cropped.pdf Graphic file (type pdf)
<use ../BoldR_cropped.pdf>
Package pdftex.def Info: ../BoldR_cropped.pdf  used on input line 334.
(pdftex.def)             Requested size: 219.94115pt x 199.4647pt.
File: ../BoldR_cropped.pdf Graphic file (type pdf)
<use ../BoldR_cropped.pdf>
Package pdftex.def Info: ../BoldR_cropped.pdf  used on input line 336.
(pdftex.def)             Requested size: 219.94115pt x 199.4647pt.
File: ../BoldR_cropped.pdf Graphic file (type pdf)
<use ../BoldR_cropped.pdf>
Package pdftex.def Info: ../BoldR_cropped.pdf  used on input line 336.
(pdftex.def)             Requested size: 219.94115pt x 199.4647pt.
 [7 <../BoldR_cropped.pdf> <../ScriptR_cropped.pdf

pdfTeX warning: pdflatex (file ../ScriptR_cropped.pdf): PDF inclusion: multiple pdfs with page group included in a single page
>] [8] [9] [10] [11] [12]
File: ../BoldR_cropped.pdf Graphic file (type pdf)
<use ../BoldR_cropped.pdf>
Package pdftex.def Info: ../BoldR_cropped.pdf  used on input line 616.
(pdftex.def)             Requested size: 219.94115pt x 199.4647pt.
File: ../ScriptR_cropped.pdf Graphic file (type pdf)
<use ../ScriptR_cropped.pdf>
Package pdftex.def Info: ../ScriptR_cropped.pdf  used on input line 616.
(pdftex.def)             Requested size: 213.67776pt x 198.98291pt.
File: ../ScriptR_cropped.pdf Graphic file (type pdf)
<use ../ScriptR_cropped.pdf>
Package pdftex.def Info: ../ScriptR_cropped.pdf  used on input line 616.
(pdftex.def)             Requested size: 213.67776pt x 198.98291pt.
File: ../BoldR_cropped.pdf Graphic file (type pdf)
<use ../BoldR_cropped.pdf>
Package pdftex.def Info: ../BoldR_cropped.pdf  used on input line 616.
(pdftex.def)             Requested size: 219.94115pt x 199.4647pt.
File: ../ScriptR_cropped.pdf Graphic file (type pdf)
<use ../ScriptR_cropped.pdf>
Package pdftex.def Info: ../ScriptR_cropped.pdf  used on input line 616.
(pdftex.def)             Requested size: 213.67776pt x 198.98291pt.
File: ../BoldR_cropped.pdf Graphic file (type pdf)
<use ../BoldR_cropped.pdf>
Package pdftex.def Info: ../BoldR_cropped.pdf  used on input line 616.
(pdftex.def)             Requested size: 219.94115pt x 199.4647pt.
File: ../BoldR_cropped.pdf Graphic file (type pdf)
<use ../BoldR_cropped.pdf>
Package pdftex.def Info: ../BoldR_cropped.pdf  used on input line 616.
(pdftex.def)             Requested size: 219.94115pt x 199.4647pt.
File: ../ScriptR_cropped.pdf Graphic file (type pdf)
<use ../ScriptR_cropped.pdf>
Package pdftex.def Info: ../ScriptR_cropped.pdf  used on input line 616.
(pdftex.def)             Requested size: 213.67776pt x 198.98291pt.
File: ../ScriptR_cropped.pdf Graphic file (type pdf)
<use ../ScriptR_cropped.pdf>
Package pdftex.def Info: ../ScriptR_cropped.pdf  used on input line 616.
(pdftex.def)             Requested size: 213.67776pt x 198.98291pt.
File: ../ScriptR_cropped.pdf Graphic file (type pdf)
<use ../ScriptR_cropped.pdf>
Package pdftex.def Info: ../ScriptR_cropped.pdf  used on input line 620.
(pdftex.def)             Requested size: 213.67776pt x 198.98291pt.
File: ../ScriptR_cropped.pdf Graphic file (type pdf)
<use ../ScriptR_cropped.pdf>
Package pdftex.def Info: ../ScriptR_cropped.pdf  used on input line 620.
(pdftex.def)             Requested size: 213.67776pt x 198.98291pt.
File: ../BoldR_cropped.pdf Graphic file (type pdf)
<use ../BoldR_cropped.pdf>
Package pdftex.def Info: ../BoldR_cropped.pdf  used on input line 624.
(pdftex.def)             Requested size: 219.94115pt x 199.4647pt.
File: ../ScriptR_cropped.pdf Graphic file (type pdf)
<use ../ScriptR_cropped.pdf>
Package pdftex.def Info: ../ScriptR_cropped.pdf  used on input line 626.
(pdftex.def)             Requested size: 213.67776pt x 198.98291pt.
File: ../ScriptR_cropped.pdf Graphic file (type pdf)
<use ../ScriptR_cropped.pdf>
Package pdftex.def Info: ../ScriptR_cropped.pdf  used on input line 634.
(pdftex.def)             Requested size: 213.67776pt x 198.98291pt.
File: ../ScriptR_cropped.pdf Graphic file (type pdf)
<use ../ScriptR_cropped.pdf>
Package pdftex.def Info: ../ScriptR_cropped.pdf  used on input line 634.
(pdftex.def)             Requested size: 213.67776pt x 198.98291pt.
File: ../ScriptR_cropped.pdf Graphic file (type pdf)
<use ../ScriptR_cropped.pdf>
Package pdftex.def Info: ../ScriptR_cropped.pdf  used on input line 634.
(pdftex.def)             Requested size: 213.67776pt x 198.98291pt.
File: ../ScriptR_cropped.pdf Graphic file (type pdf)
<use ../ScriptR_cropped.pdf>
Package pdftex.def Info: ../ScriptR_cropped.pdf  used on input line 634.
(pdftex.def)             Requested size: 213.67776pt x 198.98291pt.
File: ../ScriptR_cropped.pdf Graphic file (type pdf)
<use ../ScriptR_cropped.pdf>
Package pdftex.def Info: ../ScriptR_cropped.pdf  used on input line 634.
(pdftex.def)             Requested size: 213.67776pt x 198.98291pt.
File: ../ScriptR_cropped.pdf Graphic file (type pdf)
<use ../ScriptR_cropped.pdf>
Package pdftex.def Info: ../ScriptR_cropped.pdf  used on input line 634.
(pdftex.def)             Requested size: 213.67776pt x 198.98291pt.
File: ../ScriptR_cropped.pdf Graphic file (type pdf)
<use ../ScriptR_cropped.pdf>
Package pdftex.def Info: ../ScriptR_cropped.pdf  used on input line 634.
(pdftex.def)             Requested size: 213.67776pt x 198.98291pt.
File: ../ScriptR_cropped.pdf Graphic file (type pdf)
<use ../ScriptR_cropped.pdf>
Package pdftex.def Info: ../ScriptR_cropped.pdf  used on input line 634.
(pdftex.def)             Requested size: 213.67776pt x 198.98291pt.
File: ../ScriptR_cropped.pdf Graphic file (type pdf)
<use ../ScriptR_cropped.pdf>
Package pdftex.def Info: ../ScriptR_cropped.pdf  used on input line 634.
(pdftex.def)             Requested size: 213.67776pt x 198.98291pt.
File: ../BoldR_cropped.pdf Graphic file (type pdf)
<use ../BoldR_cropped.pdf>
Package pdftex.def Info: ../BoldR_cropped.pdf  used on input line 634.
(pdftex.def)             Requested size: 219.94115pt x 199.4647pt.
File: ../ScriptR_cropped.pdf Graphic file (type pdf)
<use ../ScriptR_cropped.pdf>
Package pdftex.def Info: ../ScriptR_cropped.pdf  used on input line 634.
(pdftex.def)             Requested size: 213.67776pt x 198.98291pt.
File: ../ScriptR_cropped.pdf Graphic file (type pdf)
<use ../ScriptR_cropped.pdf>
Package pdftex.def Info: ../ScriptR_cropped.pdf  used on input line 634.
(pdftex.def)             Requested size: 213.67776pt x 198.98291pt.
File: ../ScriptR_cropped.pdf Graphic file (type pdf)
<use ../ScriptR_cropped.pdf>
Package pdftex.def Info: ../ScriptR_cropped.pdf  used on input line 634.
(pdftex.def)             Requested size: 213.67776pt x 198.98291pt.
File: ../ScriptR_cropped.pdf Graphic file (type pdf)
<use ../ScriptR_cropped.pdf>
Package pdftex.def Info: ../ScriptR_cropped.pdf  used on input line 634.
(pdftex.def)             Requested size: 213.67776pt x 198.98291pt.
File: ../ScriptR_cropped.pdf Graphic file (type pdf)
<use ../ScriptR_cropped.pdf>
Package pdftex.def Info: ../ScriptR_cropped.pdf  used on input line 634.
(pdftex.def)             Requested size: 213.67776pt x 198.98291pt.
File: ../ScriptR_cropped.pdf Graphic file (type pdf)
<use ../ScriptR_cropped.pdf>
Package pdftex.def Info: ../ScriptR_cropped.pdf  used on input line 634.
(pdftex.def)             Requested size: 213.67776pt x 198.98291pt.
File: ../ScriptR_cropped.pdf Graphic file (type pdf)
<use ../ScriptR_cropped.pdf>
Package pdftex.def Info: ../ScriptR_cropped.pdf  used on input line 634.
(pdftex.def)             Requested size: 213.67776pt x 198.98291pt.
File: ../ScriptR_cropped.pdf Graphic file (type pdf)
<use ../ScriptR_cropped.pdf>
Package pdftex.def Info: ../ScriptR_cropped.pdf  used on input line 634.
(pdftex.def)             Requested size: 213.67776pt x 198.98291pt.
File: ../ScriptR_cropped.pdf Graphic file (type pdf)
<use ../ScriptR_cropped.pdf>
Package pdftex.def Info: ../ScriptR_cropped.pdf  used on input line 634.
(pdftex.def)             Requested size: 213.67776pt x 198.98291pt.
File: ../BoldR_cropped.pdf Graphic file (type pdf)
<use ../BoldR_cropped.pdf>
Package pdftex.def Info: ../BoldR_cropped.pdf  used on input line 634.
(pdftex.def)             Requested size: 219.94115pt x 199.4647pt.
File: ../ScriptR_cropped.pdf Graphic file (type pdf)
<use ../ScriptR_cropped.pdf>
Package pdftex.def Info: ../ScriptR_cropped.pdf  used on input line 637.
(pdftex.def)             Requested size: 213.67776pt x 198.98291pt.
File: ../ScriptR_cropped.pdf Graphic file (type pdf)
<use ../ScriptR_cropped.pdf>
Package pdftex.def Info: ../ScriptR_cropped.pdf  used on input line 644.
(pdftex.def)             Requested size: 213.67776pt x 198.98291pt.
File: ../ScriptR_cropped.pdf Graphic file (type pdf)
<use ../ScriptR_cropped.pdf>
Package pdftex.def Info: ../ScriptR_cropped.pdf  used on input line 644.
(pdftex.def)             Requested size: 213.67776pt x 198.98291pt.
File: ../ScriptR_cropped.pdf Graphic file (type pdf)
<use ../ScriptR_cropped.pdf>
Package pdftex.def Info: ../ScriptR_cropped.pdf  used on input line 644.
(pdftex.def)             Requested size: 213.67776pt x 198.98291pt.
File: ../ScriptR_cropped.pdf Graphic file (type pdf)
<use ../ScriptR_cropped.pdf>
Package pdftex.def Info: ../ScriptR_cropped.pdf  used on input line 644.
(pdftex.def)             Requested size: 213.67776pt x 198.98291pt.
File: ../ScriptR_cropped.pdf Graphic file (type pdf)
<use ../ScriptR_cropped.pdf>
Package pdftex.def Info: ../ScriptR_cropped.pdf  used on input line 644.
(pdftex.def)             Requested size: 213.67776pt x 198.98291pt.
File: ../ScriptR_cropped.pdf Graphic file (type pdf)
<use ../ScriptR_cropped.pdf>
Package pdftex.def Info: ../ScriptR_cropped.pdf  used on input line 644.
(pdftex.def)             Requested size: 213.67776pt x 198.98291pt.
File: ../BoldR_cropped.pdf Graphic file (type pdf)
<use ../BoldR_cropped.pdf>
Package pdftex.def Info: ../BoldR_cropped.pdf  used on input line 644.
(pdftex.def)             Requested size: 219.94115pt x 199.4647pt.
File: ../BoldR_cropped.pdf Graphic file (type pdf)
<use ../BoldR_cropped.pdf>
Package pdftex.def Info: ../BoldR_cropped.pdf  used on input line 644.
(pdftex.def)             Requested size: 219.94115pt x 199.4647pt.
File: ../ScriptR_cropped.pdf Graphic file (type pdf)
<use ../ScriptR_cropped.pdf>
Package pdftex.def Info: ../ScriptR_cropped.pdf  used on input line 644.
(pdftex.def)             Requested size: 213.67776pt x 198.98291pt.
File: ../ScriptR_cropped.pdf Graphic file (type pdf)
<use ../ScriptR_cropped.pdf>
Package pdftex.def Info: ../ScriptR_cropped.pdf  used on input line 644.
(pdftex.def)             Requested size: 213.67776pt x 198.98291pt.
File: ../ScriptR_cropped.pdf Graphic file (type pdf)
<use ../ScriptR_cropped.pdf>
Package pdftex.def Info: ../ScriptR_cropped.pdf  used on input line 644.
(pdftex.def)             Requested size: 213.67776pt x 198.98291pt.
File: ../ScriptR_cropped.pdf Graphic file (type pdf)
<use ../ScriptR_cropped.pdf>
Package pdftex.def Info: ../ScriptR_cropped.pdf  used on input line 644.
(pdftex.def)             Requested size: 213.67776pt x 198.98291pt.
File: ../ScriptR_cropped.pdf Graphic file (type pdf)
<use ../ScriptR_cropped.pdf>
Package pdftex.def Info: ../ScriptR_cropped.pdf  used on input line 644.
(pdftex.def)             Requested size: 213.67776pt x 198.98291pt.
File: ../ScriptR_cropped.pdf Graphic file (type pdf)
<use ../ScriptR_cropped.pdf>
Package pdftex.def Info: ../ScriptR_cropped.pdf  used on input line 644.
(pdftex.def)             Requested size: 213.67776pt x 198.98291pt.
File: ../ScriptR_cropped.pdf Graphic file (type pdf)
<use ../ScriptR_cropped.pdf>
Package pdftex.def Info: ../ScriptR_cropped.pdf  used on input line 644.
(pdftex.def)             Requested size: 213.67776pt x 198.98291pt.
File: ../BoldR_cropped.pdf Graphic file (type pdf)
<use ../BoldR_cropped.pdf>
Package pdftex.def Info: ../BoldR_cropped.pdf  used on input line 644.
(pdftex.def)             Requested size: 219.94115pt x 199.4647pt.
File: ../BoldR_cropped.pdf Graphic file (type pdf)
<use ../BoldR_cropped.pdf>
Package pdftex.def Info: ../BoldR_cropped.pdf  used on input line 644.
(pdftex.def)             Requested size: 219.94115pt x 199.4647pt.
File: ../ScriptR_cropped.pdf Graphic file (type pdf)
<use ../ScriptR_cropped.pdf>
Package pdftex.def Info: ../ScriptR_cropped.pdf  used on input line 644.
(pdftex.def)             Requested size: 213.67776pt x 198.98291pt.
 [13]
File: ../ScriptR_cropped.pdf Graphic file (type pdf)
<use ../ScriptR_cropped.pdf>
Package pdftex.def Info: ../ScriptR_cropped.pdf  used on input line 647.
(pdftex.def)             Requested size: 213.67776pt x 198.98291pt.
File: ../ScriptR_cropped.pdf Graphic file (type pdf)
<use ../ScriptR_cropped.pdf>
Package pdftex.def Info: ../ScriptR_cropped.pdf  used on input line 647.
(pdftex.def)             Requested size: 213.67776pt x 198.98291pt.
File: ../ScriptR_cropped.pdf Graphic file (type pdf)
<use ../ScriptR_cropped.pdf>
Package pdftex.def Info: ../ScriptR_cropped.pdf  used on input line 647.
(pdftex.def)             Requested size: 213.67776pt x 198.98291pt.
File: ../ScriptR_cropped.pdf Graphic file (type pdf)
<use ../ScriptR_cropped.pdf>
Package pdftex.def Info: ../ScriptR_cropped.pdf  used on input line 651.
(pdftex.def)             Requested size: 213.67776pt x 198.98291pt.
File: ../ScriptR_cropped.pdf Graphic file (type pdf)
<use ../ScriptR_cropped.pdf>
Package pdftex.def Info: ../ScriptR_cropped.pdf  used on input line 651.
(pdftex.def)             Requested size: 213.67776pt x 198.98291pt.
File: ../BoldR_cropped.pdf Graphic file (type pdf)
<use ../BoldR_cropped.pdf>
Package pdftex.def Info: ../BoldR_cropped.pdf  used on input line 651.
(pdftex.def)             Requested size: 219.94115pt x 199.4647pt.
File: ../BoldR_cropped.pdf Graphic file (type pdf)
<use ../BoldR_cropped.pdf>
Package pdftex.def Info: ../BoldR_cropped.pdf  used on input line 651.
(pdftex.def)             Requested size: 219.94115pt x 199.4647pt.
File: ../ScriptR_cropped.pdf Graphic file (type pdf)
<use ../ScriptR_cropped.pdf>
Package pdftex.def Info: ../ScriptR_cropped.pdf  used on input line 655.
(pdftex.def)             Requested size: 213.67776pt x 198.98291pt.
File: ../ScriptR_cropped.pdf Graphic file (type pdf)
<use ../ScriptR_cropped.pdf>
Package pdftex.def Info: ../ScriptR_cropped.pdf  used on input line 655.
(pdftex.def)             Requested size: 213.67776pt x 198.98291pt.
File: ../ScriptR_cropped.pdf Graphic file (type pdf)
<use ../ScriptR_cropped.pdf>
Package pdftex.def Info: ../ScriptR_cropped.pdf  used on input line 659.
(pdftex.def)             Requested size: 213.67776pt x 198.98291pt.
File: ../ScriptR_cropped.pdf Graphic file (type pdf)
<use ../ScriptR_cropped.pdf>
Package pdftex.def Info: ../ScriptR_cropped.pdf  used on input line 659.
(pdftex.def)             Requested size: 213.67776pt x 198.98291pt.
File: ../BoldR_cropped.pdf Graphic file (type pdf)
<use ../BoldR_cropped.pdf>
Package pdftex.def Info: ../BoldR_cropped.pdf  used on input line 659.
(pdftex.def)             Requested size: 219.94115pt x 199.4647pt.
File: ../BoldR_cropped.pdf Graphic file (type pdf)
<use ../BoldR_cropped.pdf>
Package pdftex.def Info: ../BoldR_cropped.pdf  used on input line 659.
(pdftex.def)             Requested size: 219.94115pt x 199.4647pt.
File: ../ScriptR_cropped.pdf Graphic file (type pdf)
<use ../ScriptR_cropped.pdf>
Package pdftex.def Info: ../ScriptR_cropped.pdf  used on input line 663.
(pdftex.def)             Requested size: 213.67776pt x 198.98291pt.
File: ../ScriptR_cropped.pdf Graphic file (type pdf)
<use ../ScriptR_cropped.pdf>
Package pdftex.def Info: ../ScriptR_cropped.pdf  used on input line 663.
(pdftex.def)             Requested size: 213.67776pt x 198.98291pt.
File: ../BoldR_cropped.pdf Graphic file (type pdf)
<use ../BoldR_cropped.pdf>
Package pdftex.def Info: ../BoldR_cropped.pdf  used on input line 663.
(pdftex.def)             Requested size: 219.94115pt x 199.4647pt.
File: ../BoldR_cropped.pdf Graphic file (type pdf)
<use ../BoldR_cropped.pdf>
Package pdftex.def Info: ../BoldR_cropped.pdf  used on input line 663.
(pdftex.def)             Requested size: 219.94115pt x 199.4647pt.
 [14] [15]
<../chap1/sec1.2/ex1.16.pdf, id=227, 486.7246pt x 498.663pt>
File: ../chap1/sec1.2/ex1.16.pdf Graphic file (type pdf)
<use ../chap1/sec1.2/ex1.16.pdf>
Package pdftex.def Info: ../chap1/sec1.2/ex1.16.pdf  used on input line 758.
(pdftex.def)             Requested size: 345.0pt x 353.4597pt.
 [16 <../chap1/sec1.2/ex1.16.pdf>] [17] [18]
<../chap1/sec1.2/ex1.20.pdf, id=279, 423.70392pt x 426.39299pt>
File: ../chap1/sec1.2/ex1.20.pdf Graphic file (type pdf)
<use ../chap1/sec1.2/ex1.20.pdf>
Package pdftex.def Info: ../chap1/sec1.2/ex1.20.pdf  used on input line 852.
(pdftex.def)             Requested size: 172.5pt x 173.59908pt.
 [19 <../chap1/sec1.2/ex1.20.pdf>] [20] [21] [22] [23] [24] (build/introelectrodynamics_chap1.aux) ) 
Here is how much of TeX's memory you used:
 55744 strings out of 480145
 1300026 string characters out of 5893301
 1779786 words of memory out of 5000000
 72546 multiletter control sequences out of 15000+600000
 499114 words of font info for 117 fonts, out of 8000000 for 9000
 59 hyphenation exceptions out of 8191
 104i,22n,106p,3296b,1387s stack positions out of 5000i,500n,10000p,200000b,80000s
 </home/cantorian_infinity/.texlive2021/texmf-var/fonts/pk/ljfour/jknappen/ec/eccc1000.600pk> </home/cantorian_infinity/.texlive2021/texmf-var/fonts/pk/ljfour/jknappen/ec/ecrm0700.600pk> </home/cantorian_infinity/.texlive2021/texmf-var/fonts/pk/ljfour/jknappen/ec/ecti1000.600pk> </home/cantorian_infinity/.texlive2021/texmf-var/fonts/pk/ljfour/public/cmbright/ebbx10.720pk> </home/cantorian_infinity/.texlive2021/texmf-var/fonts/pk/ljfour/jknappen/ec/ecbx1000.600pk> </home/cantorian_infinity/.texlive2021/texmf-var/fonts/pk/ljfour/public/cmbright/ebbx10.600pk> </home/cantorian_infinity/.texlive2021/texmf-var/fonts/pk/ljfour/public/cmbright/ebbx10.864pk> </home/cantorian_infinity/.texlive2021/texmf-var/fonts/pk/ljfour/public/cmbright/ebmr10.600pk> </home/cantorian_infinity/.texlive2021/texmf-var/fonts/pk/ljfour/jknappen/ec/ecrm1000.600pk> </home/cantorian_infinity/.texlive2021/texmf-var/fonts/pk/ljfour/jknappen/ec/ecrm0800.600pk> </home/cantorian_infinity/.texlive2021/texmf-var/fonts/pk/ljfour/jknappen/ec/ecrm0900.600pk> </home/cantorian_infinity/.texlive2021/texmf-var/fonts/pk/ljfour/jknappen/ec/ecrm1200.600pk></usr/share/texlive/texmf-dist/fonts/type1/public/amsfonts/cm/cmbx12.pfb></usr/share/texlive/texmf-dist/fonts/type1/public/amsfonts/cm/cmex10.pfb></usr/share/texlive/texmf-dist/fonts/type1/public/amsfonts/cm/cmmi10.pfb></usr/share/texlive/texmf-dist/fonts/type1/public/amsfonts/cm/cmmi12.pfb></usr/share/texlive/texmf-dist/fonts/type1/public/amsfonts/cm/cmmi5.pfb></usr/share/texlive/texmf-dist/fonts/type1/public/amsfonts/cm/cmmi7.pfb></usr/share/texlive/texmf-dist/fonts/type1/public/amsfonts/cm/cmmi8.pfb></usr/share/texlive/texmf-dist/fonts/type1/public/amsfonts/cm/cmmi9.pfb></usr/share/texlive/texmf-dist/fonts/type1/public/amsfonts/cm/cmr10.pfb></usr/share/texlive/texmf-dist/fonts/type1/public/amsfonts/cm/cmr12.pfb></usr/share/texlive/texmf-dist/fonts/type1/public/am
sfonts/cm/cmr7.pfb></usr/share/texlive/texmf-dist/fonts/type1/public/amsfonts/cm/cmr8.pfb></usr/share/texlive/texmf-dist/fonts/type1/public/amsfonts/cm/cmr9.pfb></usr/share/texlive/texmf-dist/fonts/type1/public/amsfonts/cm/cmsy10.pfb></usr/share/texlive/texmf-dist/fonts/type1/public/amsfonts/cm/cmsy6.pfb></usr/share/texlive/texmf-dist/fonts/type1/public/amsfonts/cm/cmsy7.pfb></usr/share/texlive/texmf-dist/fonts/type1/public/amsfonts/cm/cmsy8.pfb></usr/share/texlive/texmf-dist/fonts/type1/public/amsfonts/cm/cmsy9.pfb></usr/share/texlive/texmf-dist/fonts/type1/public/amsfonts/symbols/msbm10.pfb>
Output written on build/introelectrodynamics_chap1.pdf (24 pages, 676923 bytes).
PDF statistics:
 817 PDF objects out of 1000 (max. 8388607)
 372 compressed objects within 4 object streams
 83 named destinations out of 1000 (max. 500000)
 249 words of extra memory for PDF output out of 10000 (max. 10000000)

